#
# There is insufficient memory for the Java Runtime Environment to continue.
# Native memory allocation (malloc) failed to allocate 268435456 bytes for committing reserved memory.
# Possible reasons:
#   The system is out of physical RAM or swap space
#   In 32 bit mode, the process size limit was hit
# Possible solutions:
#   Reduce memory load on the system
#   Increase physical memory or swap space
#   Check if swap backing store is full
#   Use 64 bit Java on a 64 bit OS
#   Decrease Java heap size (-Xmx/-Xms)
#   Decrease number of Java threads
#   Decrease Java thread stack sizes (-Xss)
#   Set larger code cache with -XX:ReservedCodeCacheSize=
# This output file may be truncated or incomplete.
#
#  Out of Memory Error (os_linux.cpp:2761), pid=3940, tid=139777702221568
#
# JRE version: OpenJDK Runtime Environment (7.0_40-b60) (build 1.7.0_40-b60)
# Java VM: OpenJDK 64-Bit Server VM (24.0-b56 mixed mode linux-amd64 compressed oops)
# Failed to write core dump. Core dumps have been disabled. To enable core dumping, try "ulimit -c unlimited" before starting Java again
#

---------------  T H R E A D  ---------------

Current thread (0x00007f2080008800):  JavaThread "main" [_thread_in_vm, id=3945, stack(0x00007f208839d000,0x00007f208849e000)]

Stack: [0x00007f208839d000,0x00007f208849e000],  sp=0x00007f208849c3b0,  free space=1020k
Native frames: (J=compiled Java code, j=interpreted, Vv=VM code, C=native code)
V  [libjvm.so+0x929e35]  JVM_handle_linux_signal+0x177695
V  [libjvm.so+0x47a554]  dlerror+0x47a554
V  [libjvm.so+0x7acbb3]  JVM_FindSignal+0x18c823
V  [libjvm.so+0x7a757f]  JVM_FindSignal+0x1871ef
V  [libjvm.so+0x81784b]  JVM_handle_linux_signal+0x650ab
V  [libjvm.so+0x80761b]  JVM_handle_linux_signal+0x54e7b
V  [libjvm.so+0x807800]  JVM_handle_linux_signal+0x55060
V  [libjvm.so+0x8080b8]  JVM_handle_linux_signal+0x55918
V  [libjvm.so+0x7cb877]  JVM_handle_linux_signal+0x190d7
V  [libjvm.so+0x596eb5]  AsyncGetCallTrace+0x9ef65
V  [libjvm.so+0x5c5b3e]  AsyncGetCallTrace+0xcdbee
j  java.util.Arrays.copyOf([Ljava/lang/Object;ILjava/lang/Class;)[Ljava/lang/Object;+8
j  java.util.Arrays.copyOf([Ljava/lang/Object;I)[Ljava/lang/Object;+6
j  java.util.ArrayList.grow(I)V+38

Java frames: (J=compiled Java code, j=interpreted, Vv=VM code)
j  java.util.Arrays.copyOf([Ljava/lang/Object;ILjava/lang/Class;)[Ljava/lang/Object;+8
j  java.util.Arrays.copyOf([Ljava/lang/Object;I)[Ljava/lang/Object;+6
j  java.util.ArrayList.grow(I)V+38
J  assign5Package.ArrayListWithIterators.append(I)V
j  assign5Package.IteratorTester.main([Ljava/lang/String;)V+69
v  ~StubRoutines::call_stub

---------------  P R O C E S S  ---------------

Java Threads: ( => current thread )
  0x00007f20800ad000 JavaThread "Service Thread" daemon [_thread_blocked, id=3960, stack(0x00007f204f936000,0x00007f204fa37000)]
  0x00007f20800ab000 JavaThread "C2 CompilerThread1" daemon [_thread_blocked, id=3959, stack(0x00007f204fa37000,0x00007f204fb38000)]
  0x00007f20800a8000 JavaThread "C2 CompilerThread0" daemon [_thread_blocked, id=3958, stack(0x00007f204fb38000,0x00007f204fc39000)]
  0x00007f20800a6000 JavaThread "Signal Dispatcher" daemon [_thread_blocked, id=3957, stack(0x00007f204fc39000,0x00007f204fd3a000)]
  0x00007f2080082800 JavaThread "Finalizer" daemon [_thread_blocked, id=3956, stack(0x00007f204feff000,0x00007f2050000000)]
  0x00007f2080080800 JavaThread "Reference Handler" daemon [_thread_blocked, id=3955, stack(0x00007f2064044000,0x00007f2064145000)]
=>0x00007f2080008800 JavaThread "main" [_thread_in_vm, id=3945, stack(0x00007f208839d000,0x00007f208849e000)]

Other Threads:
  0x00007f208007c000 VMThread [stack: 0x00007f2064145000,0x00007f2064246000] [id=3954]
  0x00007f20800b8000 WatcherThread [stack: 0x00007f204f835000,0x00007f204f936000] [id=3961]

VM state:not at safepoint (normal execution)

VM Mutex/Monitor currently owned by a thread:  ([mutex/lock_event])
[0x00007f2080005c30] ExpandHeap_lock - owner thread: 0x00007f2080008800
[0x00007f20800067b0] Heap_lock - owner thread: 0x00007f2080008800

Heap
 PSYoungGen      total 28160K, used 11141K [0x00000000e1000000, 0x00000000e4700000, 0x0000000100000000)
  eden space 24576K, 43% used [0x00000000e1000000,0x00000000e1a8d638,0x00000000e2800000)
  from space 3584K, 9% used [0x00000000e2800000,0x00000000e2854010,0x00000000e2b80000)
  to   space 3584K, 0% used [0x00000000e4380000,0x00000000e4380000,0x00000000e4700000)
 ParOldGen       total 753664K, used 732284K [0x00000000a3000000, 0x00000000d1000000, 0x00000000e1000000)
  object space 753664K, 97% used [0x00000000a3000000,0x00000000cfb1f240,0x00000000d1000000)
 PSPermGen       total 21504K, used 2777K [0x0000000098a00000, 0x0000000099f00000, 0x00000000a3000000)
  object space 21504K, 12% used [0x0000000098a00000,0x0000000098cb6660,0x0000000099f00000)

Card table byte_map: [0x00007f208531d000,0x00007f2085659000] byte_map_base: 0x00007f2084e58000

Polling page: 0x00007f20884b6000

Code Cache  [0x00007f207d000000, 0x00007f207d270000, 0x00007f2080000000)
 total_blobs=192 nmethods=11 adapters=135 free_code_cache=48759Kb largest_free_block=49915328

Compilation events (10 events):
Event: 0.305 Thread 0x00007f20800a8000 nmethod 6 0x00007f207d0604d0 code [0x00007f207d060620, 0x00007f207d0606c8]
Event: 0.305 Thread 0x00007f20800a8000    8             java.util.ArrayList::add (54 bytes)
Event: 0.307 Thread 0x00007f20800ab000 nmethod 7 0x00007f207d060190 code [0x00007f207d0602e0, 0x00007f207d0603e8]
Event: 0.307 Thread 0x00007f20800ab000    9             java.util.ArrayList::rangeCheckForAdd (26 bytes)
Event: 0.308 Thread 0x00007f20800ab000 nmethod 9 0x00007f207d05ff50 code [0x00007f207d060080, 0x00007f207d0600f8]
Event: 0.308 Thread 0x00007f20800ab000   10             java.lang.Integer::intValue (5 bytes)
Event: 0.309 Thread 0x00007f20800ab000 nmethod 10 0x00007f207d05fd50 code [0x00007f207d05fe80, 0x00007f207d05fed8]
Event: 0.309 Thread 0x00007f20800ab000   11 %           assign5Package.ArrayListWithIterators::append @ 88 (140 bytes)
Event: 0.313 Thread 0x00007f20800a8000 nmethod 8 0x00007f207d05f650 code [0x00007f207d05f7c0, 0x00007f207d05fa48]
Event: 0.332 Thread 0x00007f20800ab000 nmethod 11% 0x00007f207d063010 code [0x00007f207d0631c0, 0x00007f207d063798]

GC Heap History (2 events):
Event: 0.493 GC heap before
{Heap before GC invocations=1 (full 0):
 PSYoungGen      total 28160K, used 20035K [0x00000000e1000000, 0x00000000e2f00000, 0x0000000100000000)
  eden space 24576K, 81% used [0x00000000e1000000,0x00000000e2390e28,0x00000000e2800000)
  from space 3584K, 0% used [0x00000000e2b80000,0x00000000e2b80000,0x00000000e2f00000)
  to   space 3584K, 0% used [0x00000000e2800000,0x00000000e2800000,0x00000000e2b80000)
 ParOldGen       total 63488K, used 0K [0x00000000a3000000, 0x00000000a6e00000, 0x00000000e1000000)
  object space 63488K, 0% used [0x00000000a3000000,0x00000000a3000000,0x00000000a6e00000)
 PSPermGen       total 21504K, used 2774K [0x0000000098a00000, 0x0000000099f00000, 0x00000000a3000000)
  object space 21504K, 12% used [0x0000000098a00000,0x0000000098cb5a20,0x0000000099f00000)
Event: 0.539 GC heap after
Heap after GC invocations=1 (full 0):
 PSYoungGen      total 28160K, used 336K [0x00000000e1000000, 0x00000000e4700000, 0x0000000100000000)
  eden space 24576K, 0% used [0x00000000e1000000,0x00000000e1000000,0x00000000e2800000)
  from space 3584K, 9% used [0x00000000e2800000,0x00000000e2854010,0x00000000e2b80000)
  to   space 3584K, 0% used [0x00000000e4380000,0x00000000e4380000,0x00000000e4700000)
 ParOldGen       total 63488K, used 6548K [0x00000000a3000000, 0x00000000a6e00000, 0x00000000e1000000)
  object space 63488K, 10% used [0x00000000a3000000,0x00000000a36650d8,0x00000000a6e00000)
 PSPermGen       total 21504K, used 2774K [0x0000000098a00000, 0x0000000099f00000, 0x00000000a3000000)
  object space 21504K, 12% used [0x0000000098a00000,0x0000000098cb5a20,0x0000000099f00000)
}

Deoptimization events (0 events):
No events

Internal exceptions (7 events):
Event: 0.114 Thread 0x00007f2080008800 Threw 0x00000000e1010268 at /build/java7-openjdk/src/icedtea-2.4.2/openjdk/hotspot/src/share/vm/prims/jni.cpp:3991
Event: 0.234 Thread 0x00007f2080008800 Threw 0x00000000e104a7e8 at /build/java7-openjdk/src/icedtea-2.4.2/openjdk/hotspot/src/share/vm/prims/jvm.cpp:1244
Event: 0.247 Thread 0x00007f2080008800 Threw 0x00000000e1050a28 at /build/java7-openjdk/src/icedtea-2.4.2/openjdk/hotspot/src/share/vm/prims/jvm.cpp:1244
Event: 0.248 Thread 0x00007f2080008800 Threw 0x00000000e10525e0 at /build/java7-openjdk/src/icedtea-2.4.2/openjdk/hotspot/src/share/vm/prims/jvm.cpp:1244
Event: 0.250 Thread 0x00007f2080008800 Threw 0x00000000e1055060 at /build/java7-openjdk/src/icedtea-2.4.2/openjdk/hotspot/src/share/vm/prims/jvm.cpp:1244
Event: 0.251 Thread 0x00007f2080008800 Threw 0x00000000e1056d98 at /build/java7-openjdk/src/icedtea-2.4.2/openjdk/hotspot/src/share/vm/prims/jvm.cpp:1244
Event: 0.252 Thread 0x00007f2080008800 Threw 0x00000000e10587f0 at /build/java7-openjdk/src/icedtea-2.4.2/openjdk/hotspot/src/share/vm/prims/jvm.cpp:1244

Events (10 events):
Event: 0.252 loading class 0x00007f20800dc3f0
Event: 0.252 loading class 0x00007f20800dc3f0 done
Event: 0.254 loading class 0x00007f20845143e0
Event: 0.254 loading class 0x00007f20845143e0 done
Event: 0.493 Executing VM operation: ParallelGCFailedAllocation
Event: 0.539 Executing VM operation: ParallelGCFailedAllocation done
Event: 0.542 loading class 0x00007f2084540f00
Event: 0.542 loading class 0x00007f2084540f00 done
Event: 4.218 Executing VM operation: EnableBiasedLocking
Event: 4.250 Executing VM operation: EnableBiasedLocking done


Dynamic libraries:
00400000-00401000 r-xp 00000000 08:03 1186119                            /usr/lib/jvm/java-7-openjdk/jre/bin/java
00600000-00601000 rw-p 00000000 08:03 1186119                            /usr/lib/jvm/java-7-openjdk/jre/bin/java
0164b000-0166c000 rw-p 00000000 00:00 0                                  [heap]
98a00000-99f00000 rw-p 00000000 00:00 0 
99f00000-a3000000 rw-p 00000000 00:00 0 
a3000000-d1000000 rw-p 00000000 00:00 0 
e1000000-e4700000 rw-p 00000000 00:00 0 
e4700000-100000000 rw-p 00000000 00:00 0 
7f2030000000-7f2030021000 rw-p 00000000 00:00 0 
7f2030021000-7f2034000000 ---p 00000000 00:00 0 
7f2038000000-7f2038082000 rw-p 00000000 00:00 0 
7f2038082000-7f203c000000 ---p 00000000 00:00 0 
7f203c000000-7f203c021000 rw-p 00000000 00:00 0 
7f203c021000-7f2040000000 ---p 00000000 00:00 0 
7f2040000000-7f2040021000 rw-p 00000000 00:00 0 
7f2040021000-7f2044000000 ---p 00000000 00:00 0 
7f2044000000-7f2044097000 rw-p 00000000 00:00 0 
7f2044097000-7f2048000000 ---p 00000000 00:00 0 
7f2048000000-7f2048021000 rw-p 00000000 00:00 0 
7f2048021000-7f204c000000 ---p 00000000 00:00 0 
7f204f835000-7f204f836000 ---p 00000000 00:00 0 
7f204f836000-7f204f936000 rw-p 00000000 00:00 0                          [stack:3961]
7f204f936000-7f204f939000 ---p 00000000 00:00 0 
7f204f939000-7f204fa37000 rw-p 00000000 00:00 0                          [stack:3960]
7f204fa37000-7f204fa3a000 ---p 00000000 00:00 0 
7f204fa3a000-7f204fb38000 rw-p 00000000 00:00 0                          [stack:3959]
7f204fb38000-7f204fb3b000 ---p 00000000 00:00 0 
7f204fb3b000-7f204fc39000 rw-p 00000000 00:00 0                          [stack:3958]
7f204fc39000-7f204fc3c000 ---p 00000000 00:00 0 
7f204fc3c000-7f204fd3a000 rw-p 00000000 00:00 0                          [stack:3957]
7f204fd3a000-7f204feff000 r--p 00000000 08:03 149119                     /usr/lib/locale/locale-archive
7f204feff000-7f204ff02000 ---p 00000000 00:00 0 
7f204ff02000-7f2050000000 rw-p 00000000 00:00 0                          [stack:3956]
7f2050000000-7f2050021000 rw-p 00000000 00:00 0 
7f2050021000-7f2054000000 ---p 00000000 00:00 0 
7f2054000000-7f2054021000 rw-p 00000000 00:00 0 
7f2054021000-7f2058000000 ---p 00000000 00:00 0 
7f2058000000-7f2058021000 rw-p 00000000 00:00 0 
7f2058021000-7f205c000000 ---p 00000000 00:00 0 
7f205c000000-7f205c021000 rw-p 00000000 00:00 0 
7f205c021000-7f2060000000 ---p 00000000 00:00 0 
7f2060000000-7f2060021000 rw-p 00000000 00:00 0 
7f2060021000-7f2064000000 ---p 00000000 00:00 0 
7f2064044000-7f2064047000 ---p 00000000 00:00 0 
7f2064047000-7f2064145000 rw-p 00000000 00:00 0                          [stack:3955]
7f2064145000-7f2064146000 ---p 00000000 00:00 0 
7f2064146000-7f2068000000 rw-p 00000000 00:00 0                          [stack:3954]
7f2068000000-7f2068021000 rw-p 00000000 00:00 0 
7f2068021000-7f206c000000 ---p 00000000 00:00 0 
7f206c000000-7f206c021000 rw-p 00000000 00:00 0 
7f206c021000-7f2070000000 ---p 00000000 00:00 0 
7f2070000000-7f2070021000 rw-p 00000000 00:00 0 
7f2070021000-7f2074000000 ---p 00000000 00:00 0 
7f2074000000-7f2074021000 rw-p 00000000 00:00 0 
7f2074021000-7f2078000000 ---p 00000000 00:00 0 
7f2078000000-7f2078021000 rw-p 00000000 00:00 0 
7f2078021000-7f207c000000 ---p 00000000 00:00 0 
7f207c06d000-7f207d000000 rw-p 00000000 00:00 0 
7f207d000000-7f207d270000 rwxp 00000000 00:00 0 
7f207d270000-7f20800e7000 rw-p 00000000 00:00 0 
7f20800e7000-7f2084000000 ---p 00000000 00:00 0 
7f2084002000-7f20842f1000 rw-p 00000000 00:00 0 
7f20842f1000-7f208449e000 r--s 01ce2000 08:03 1186066                    /usr/lib/jvm/java-7-openjdk/jre/lib/rt.jar
7f208449e000-7f20848d2000 rw-p 00000000 00:00 0 
7f20848d2000-7f20848d3000 ---p 00000000 00:00 0 
7f20848d3000-7f20849d3000 rw-p 00000000 00:00 0                          [stack:3953]
7f20849d3000-7f20849d4000 ---p 00000000 00:00 0 
7f20849d4000-7f2084ad4000 rw-p 00000000 00:00 0                          [stack:3952]
7f2084ad4000-7f2084ad5000 ---p 00000000 00:00 0 
7f2084ad5000-7f2084bd5000 rw-p 00000000 00:00 0                          [stack:3951]
7f2084bd5000-7f2084bd6000 ---p 00000000 00:00 0 
7f2084bd6000-7f2084cd6000 rw-p 00000000 00:00 0                          [stack:3950]
7f2084cd6000-7f2084cd7000 ---p 00000000 00:00 0 
7f2084cd7000-7f2084dd7000 rw-p 00000000 00:00 0                          [stack:3949]
7f2084dd7000-7f2084dd8000 ---p 00000000 00:00 0 
7f2084dd8000-7f2084ed8000 rw-p 00000000 00:00 0                          [stack:3948]
7f2084ed8000-7f2084ed9000 ---p 00000000 00:00 0 
7f2084ed9000-7f2084fd9000 rw-p 00000000 00:00 0                          [stack:3947]
7f2084fd9000-7f2084fda000 ---p 00000000 00:00 0 
7f2084fda000-7f20850e5000 rw-p 00000000 00:00 0                          [stack:3946]
7f20850e5000-7f208512d000 rw-p 00000000 00:00 0 
7f208512d000-7f208529d000 rw-p 00000000 00:00 0 
7f208529d000-7f208531d000 rw-p 00000000 00:00 0 
7f208531d000-7f2085328000 rw-p 00000000 00:00 0 
7f2085328000-7f2085370000 rw-p 00000000 00:00 0 
7f2085370000-7f20854e0000 rw-p 00000000 00:00 0 
7f20854e0000-7f2085560000 rw-p 00000000 00:00 0 
7f2085560000-7f208557c000 rw-p 00000000 00:00 0 
7f208557c000-7f2085658000 rw-p 00000000 00:00 0 
7f2085658000-7f2085659000 rw-p 00000000 00:00 0 
7f2085659000-7f2085661000 r-xp 00000000 08:03 1186089                    /usr/lib/jvm/java-7-openjdk/jre/lib/amd64/libzip.so
7f2085661000-7f2085860000 ---p 00008000 08:03 1186089                    /usr/lib/jvm/java-7-openjdk/jre/lib/amd64/libzip.so
7f2085860000-7f2085861000 rw-p 00007000 08:03 1186089                    /usr/lib/jvm/java-7-openjdk/jre/lib/amd64/libzip.so
7f2085861000-7f208586c000 r-xp 00000000 08:03 134316                     /usr/lib/libnss_files-2.18.so
7f208586c000-7f2085a6c000 ---p 0000b000 08:03 134316                     /usr/lib/libnss_files-2.18.so
7f2085a6c000-7f2085a6d000 r--p 0000b000 08:03 134316                     /usr/lib/libnss_files-2.18.so
7f2085a6d000-7f2085a6e000 rw-p 0000c000 08:03 134316                     /usr/lib/libnss_files-2.18.so
7f2085a6e000-7f2085a99000 r-xp 00000000 08:03 1186088                    /usr/lib/jvm/java-7-openjdk/jre/lib/amd64/libjava.so
7f2085a99000-7f2085c99000 ---p 0002b000 08:03 1186088                    /usr/lib/jvm/java-7-openjdk/jre/lib/amd64/libjava.so
7f2085c99000-7f2085c9b000 rw-p 0002b000 08:03 1186088                    /usr/lib/jvm/java-7-openjdk/jre/lib/amd64/libjava.so
7f2085c9b000-7f2085ca8000 r-xp 00000000 08:03 1186087                    /usr/lib/jvm/java-7-openjdk/jre/lib/amd64/libverify.so
7f2085ca8000-7f2085ea7000 ---p 0000d000 08:03 1186087                    /usr/lib/jvm/java-7-openjdk/jre/lib/amd64/libverify.so
7f2085ea7000-7f2085ea9000 rw-p 0000c000 08:03 1186087                    /usr/lib/jvm/java-7-openjdk/jre/lib/amd64/libverify.so
7f2085ea9000-7f2085eb0000 r-xp 00000000 08:03 134385                     /usr/lib/librt-2.18.so
7f2085eb0000-7f20860af000 ---p 00007000 08:03 134385                     /usr/lib/librt-2.18.so
7f20860af000-7f20860b0000 r--p 00006000 08:03 134385                     /usr/lib/librt-2.18.so
7f20860b0000-7f20860b1000 rw-p 00007000 08:03 134385                     /usr/lib/librt-2.18.so
7f20860b1000-7f20860c6000 r-xp 00000000 08:03 137385                     /usr/lib/libgcc_s.so.1
7f20860c6000-7f20862c6000 ---p 00015000 08:03 137385                     /usr/lib/libgcc_s.so.1
7f20862c6000-7f20862c7000 rw-p 00015000 08:03 137385                     /usr/lib/libgcc_s.so.1
7f20862c7000-7f20863c9000 r-xp 00000000 08:03 134353                     /usr/lib/libm-2.18.so
7f20863c9000-7f20865c8000 ---p 00102000 08:03 134353                     /usr/lib/libm-2.18.so
7f20865c8000-7f20865c9000 r--p 00101000 08:03 134353                     /usr/lib/libm-2.18.so
7f20865c9000-7f20865ca000 rw-p 00102000 08:03 134353                     /usr/lib/libm-2.18.so
7f20865ca000-7f20866b0000 r-xp 00000000 08:03 137381                     /usr/lib/libstdc++.so.6.0.18
7f20866b0000-7f20868af000 ---p 000e6000 08:03 137381                     /usr/lib/libstdc++.so.6.0.18
7f20868af000-7f20868b7000 r--p 000e5000 08:03 137381                     /usr/lib/libstdc++.so.6.0.18
7f20868b7000-7f20868b9000 rw-p 000ed000 08:03 137381                     /usr/lib/libstdc++.so.6.0.18
7f20868b9000-7f20868ce000 rw-p 00000000 00:00 0 
7f20868ce000-7f20873c1000 r-xp 00000000 08:03 1186118                    /usr/lib/jvm/java-7-openjdk/jre/lib/amd64/server/libjvm.so
7f20873c1000-7f20875c1000 ---p 00af3000 08:03 1186118                    /usr/lib/jvm/java-7-openjdk/jre/lib/amd64/server/libjvm.so
7f20875c1000-7f208767c000 rw-p 00af3000 08:03 1186118                    /usr/lib/jvm/java-7-openjdk/jre/lib/amd64/server/libjvm.so
7f208767c000-7f20876a9000 rw-p 00000000 00:00 0 
7f20876a9000-7f20876be000 r-xp 00000000 08:03 137429                     /usr/lib/libz.so.1.2.8
7f20876be000-7f20878bd000 ---p 00015000 08:03 137429                     /usr/lib/libz.so.1.2.8
7f20878bd000-7f20878be000 r--p 00014000 08:03 137429                     /usr/lib/libz.so.1.2.8
7f20878be000-7f20878bf000 rw-p 00015000 08:03 137429                     /usr/lib/libz.so.1.2.8
7f20878bf000-7f2087a61000 r-xp 00000000 08:03 134354                     /usr/lib/libc-2.18.so
7f2087a61000-7f2087c60000 ---p 001a2000 08:03 134354                     /usr/lib/libc-2.18.so
7f2087c60000-7f2087c64000 r--p 001a1000 08:03 134354                     /usr/lib/libc-2.18.so
7f2087c64000-7f2087c66000 rw-p 001a5000 08:03 134354                     /usr/lib/libc-2.18.so
7f2087c66000-7f2087c6a000 rw-p 00000000 00:00 0 
7f2087c6a000-7f2087c6d000 r-xp 00000000 08:03 134386                     /usr/lib/libdl-2.18.so
7f2087c6d000-7f2087e6c000 ---p 00003000 08:03 134386                     /usr/lib/libdl-2.18.so
7f2087e6c000-7f2087e6d000 r--p 00002000 08:03 134386                     /usr/lib/libdl-2.18.so
7f2087e6d000-7f2087e6e000 rw-p 00003000 08:03 134386                     /usr/lib/libdl-2.18.so
7f2087e6e000-7f2087e7b000 r-xp 00000000 08:03 1314790                    /usr/lib/jvm/java-7-openjdk/jre/lib/amd64/jli/libjli.so
7f2087e7b000-7f208807a000 ---p 0000d000 08:03 1314790                    /usr/lib/jvm/java-7-openjdk/jre/lib/amd64/jli/libjli.so
7f208807a000-7f208807b000 rw-p 0000c000 08:03 1314790                    /usr/lib/jvm/java-7-openjdk/jre/lib/amd64/jli/libjli.so
7f208807b000-7f2088093000 r-xp 00000000 08:03 134320                     /usr/lib/libpthread-2.18.so
7f2088093000-7f2088293000 ---p 00018000 08:03 134320                     /usr/lib/libpthread-2.18.so
7f2088293000-7f2088294000 r--p 00018000 08:03 134320                     /usr/lib/libpthread-2.18.so
7f2088294000-7f2088295000 rw-p 00019000 08:03 134320                     /usr/lib/libpthread-2.18.so
7f2088295000-7f2088299000 rw-p 00000000 00:00 0 
7f2088299000-7f20882b9000 r-xp 00000000 08:03 134341                     /usr/lib/ld-2.18.so
7f20882bc000-7f20882e7000 rw-p 00000000 00:00 0 
7f20882e7000-7f208839d000 rw-p 00000000 00:00 0 
7f208839d000-7f20883a0000 ---p 00000000 00:00 0 
7f20883a0000-7f20884a2000 rw-p 00000000 00:00 0                          [stack:3945]
7f20884a9000-7f20884aa000 rw-p 00000000 00:00 0 
7f20884aa000-7f20884ad000 r--s 0000f000 08:03 1314788                    /usr/lib/jvm/java-7-openjdk/jre/lib/ext/pulse-java.jar
7f20884ad000-7f20884b5000 rw-s 00000000 00:1e 4111523                    /tmp/hsperfdata_stephen/3940
7f20884b5000-7f20884b6000 rw-p 00000000 00:00 0 
7f20884b6000-7f20884b7000 r--p 00000000 00:00 0 
7f20884b7000-7f20884b8000 rw-p 00000000 00:00 0 
7f20884b8000-7f20884b9000 r--p 0001f000 08:03 134341                     /usr/lib/ld-2.18.so
7f20884b9000-7f20884ba000 rw-p 00020000 08:03 134341                     /usr/lib/ld-2.18.so
7f20884ba000-7f20884bb000 rw-p 00000000 00:00 0 
7fffeb2a7000-7fffeb2c8000 rw-p 00000000 00:00 0                          [stack]
7fffeb34c000-7fffeb34e000 r-xp 00000000 00:00 0                          [vdso]
ffffffffff600000-ffffffffff601000 r-xp 00000000 00:00 0                  [vsyscall]

VM Arguments:
jvm_args: -Dfile.encoding=UTF-8 
java_command: assign5Package.IteratorTester
Launcher Type: SUN_STANDARD

Environment Variables:
JAVA_HOME=/usr/lib/jvm/java-7-openjdk
PATH=/usr/local/sbin:/usr/local/bin:/usr/bin:/usr/bin/vendor_perl:/usr/bin/core_perl
SHELL=/bin/bash
DISPLAY=:0

Signal Handlers:
SIGSEGV: [libjvm.so+0x92a920], sa_mask[0]=0x7ffbfeff, sa_flags=0x10000004
SIGBUS: [libjvm.so+0x92a920], sa_mask[0]=0x7ffbfeff, sa_flags=0x10000004
SIGFPE: [libjvm.so+0x7a82c0], sa_mask[0]=0x7ffbfeff, sa_flags=0x10000004
SIGPIPE: [libjvm.so+0x7a82c0], sa_mask[0]=0x7ffbfeff, sa_flags=0x10000004
SIGXFSZ: [libjvm.so+0x7a82c0], sa_mask[0]=0x7ffbfeff, sa_flags=0x10000004
SIGILL: [libjvm.so+0x7a82c0], sa_mask[0]=0x7ffbfeff, sa_flags=0x10000004
SIGUSR1: SIG_DFL, sa_mask[0]=0x00000000, sa_flags=0x00000000
SIGUSR2: [libjvm.so+0x7a8160], sa_mask[0]=0x00000004, sa_flags=0x10000004
SIGHUP: [libjvm.so+0x7a8340], sa_mask[0]=0x7ffbfeff, sa_flags=0x10000004
SIGINT: [libjvm.so+0x7a8340], sa_mask[0]=0x7ffbfeff, sa_flags=0x10000004
SIGTERM: [libjvm.so+0x7a8340], sa_mask[0]=0x7ffbfeff, sa_flags=0x10000004
SIGQUIT: [libjvm.so+0x7a8340], sa_mask[0]=0x7ffbfeff, sa_flags=0x10000004


---------------  S Y S T E M  ---------------

OS:Linux
uname:Linux 3.11.4-1-ARCH #1 SMP PREEMPT Sat Oct 5 21:22:51 CEST 2013 x86_64
libc:glibc 2.18 NPTL 2.18 
rlimit: STACK 8192k, CORE 0k, NPROC 47554, NOFILE 4096, AS infinity
load average:9.09 4.72 2.24

/proc/meminfo:
MemTotal:        6092604 kB
MemFree:          273672 kB
Buffers:            3116 kB
Cached:            65312 kB
SwapCached:            0 kB
Active:          5614660 kB
Inactive:          42724 kB
Active(anon):    5590180 kB
Inactive(anon):    12216 kB
Active(file):      24480 kB
Inactive(file):    30508 kB
Unevictable:           0 kB
Mlocked:               0 kB
SwapTotal:             0 kB
SwapFree:              0 kB
Dirty:               216 kB
Writeback:             0 kB
AnonPages:       5589368 kB
Mapped:            42912 kB
Shmem:             13424 kB
Slab:              42540 kB
SReclaimable:      18524 kB
SUnreclaim:        24016 kB
KernelStack:        5120 kB
PageTables:        20032 kB
NFS_Unstable:          0 kB
Bounce:                0 kB
WritebackTmp:          0 kB
CommitLimit:     3046300 kB
Committed_AS:    7891040 kB
VmallocTotal:   34359738367 kB
VmallocUsed:      216688 kB
VmallocChunk:   34359495163 kB
HardwareCorrupted:     0 kB
AnonHugePages:   4747264 kB
HugePages_Total:       0
HugePages_Free:        0
HugePages_Rsvd:        0
HugePages_Surp:        0
Hugepagesize:       2048 kB
DirectMap4k:       11824 kB
DirectMap2M:     6256640 kB


CPU:total 8 (4 cores per cpu, 2 threads per core) family 6 model 42 stepping 7, cmov, cx8, fxsr, mmx, sse, sse2, sse3, ssse3, sse4.1, sse4.2, popcnt, avx, ht, tsc, tscinvbit

/proc/cpuinfo:
processor	: 0
vendor_id	: GenuineIntel
cpu family	: 6
model		: 42
model name	: Intel(R) Core(TM) i7-2630QM CPU @ 2.00GHz
stepping	: 7
microcode	: 0x14
cpu MHz		: 1080.000
cache size	: 6144 KB
physical id	: 0
siblings	: 8
core id		: 0
cpu cores	: 4
apicid		: 0
initial apicid	: 0
fpu		: yes
fpu_exception	: yes
cpuid level	: 13
wp		: yes
flags		: fpu vme de pse tsc msr pae mce cx8 apic sep mtrr pge mca cmov pat pse36 clflush dts acpi mmx fxsr sse sse2 ss ht tm pbe syscall nx rdtscp lm constant_tsc arch_perfmon pebs bts rep_good nopl xtopology nonstop_tsc aperfmperf eagerfpu pni pclmulqdq dtes64 monitor ds_cpl vmx est tm2 ssse3 cx16 xtpr pdcm pcid sse4_1 sse4_2 x2apic popcnt tsc_deadline_timer xsave avx lahf_lm ida arat epb xsaveopt pln pts dtherm tpr_shadow vnmi flexpriority ept vpid
bogomips	: 3992.53
clflush size	: 64
cache_alignment	: 64
address sizes	: 36 bits physical, 48 bits virtual
power management:

processor	: 1
vendor_id	: GenuineIntel
cpu family	: 6
model		: 42
model name	: Intel(R) Core(TM) i7-2630QM CPU @ 2.00GHz
stepping	: 7
microcode	: 0x14
cpu MHz		: 1080.000
cache size	: 6144 KB
physical id	: 0
siblings	: 8
core id		: 1
cpu cores	: 4
apicid		: 2
initial apicid	: 2
fpu		: yes
fpu_exception	: yes
cpuid level	: 13
wp		: yes
flags		: fpu vme de pse tsc msr pae mce cx8 apic sep mtrr pge mca cmov pat pse36 clflush dts acpi mmx fxsr sse sse2 ss ht tm pbe syscall nx rdtscp lm constant_tsc arch_perfmon pebs bts rep_good nopl xtopology nonstop_tsc aperfmperf eagerfpu pni pclmulqdq dtes64 monitor ds_cpl vmx est tm2 ssse3 cx16 xtpr pdcm pcid sse4_1 sse4_2 x2apic popcnt tsc_deadline_timer xsave avx lahf_lm ida arat epb xsaveopt pln pts dtherm tpr_shadow vnmi flexpriority ept vpid
bogomips	: 3992.53
clflush size	: 64
cache_alignment	: 64
address sizes	: 36 bits physical, 48 bits virtual
power management:

processor	: 2
vendor_id	: GenuineIntel
cpu family	: 6
model		: 42
model name	: Intel(R) Core(TM) i7-2630QM CPU @ 2.00GHz
stepping	: 7
microcode	: 0x14
cpu MHz		: 1100.000
cache size	: 6144 KB
physical id	: 0
siblings	: 8
core id		: 2
cpu cores	: 4
apicid		: 4
initial apicid	: 4
fpu		: yes
fpu_exception	: yes
cpuid level	: 13
wp		: yes
flags		: fpu vme de pse tsc msr pae mce cx8 apic sep mtrr pge mca cmov pat pse36 clflush dts acpi mmx fxsr sse sse2 ss ht tm pbe syscall nx rdtscp lm constant_tsc arch_perfmon pebs bts rep_good nopl xtopology nonstop_tsc aperfmperf eagerfpu pni pclmulqdq dtes64 monitor ds_cpl vmx est tm2 ssse3 cx16 xtpr pdcm pcid sse4_1 sse4_2 x2apic popcnt tsc_deadline_timer xsave avx lahf_lm ida arat epb xsaveopt pln pts dtherm tpr_shadow vnmi flexpriority ept vpid
bogomips	: 3992.53
clflush size	: 64
cache_alignment	: 64
address sizes	: 36 bits physical, 48 bits virtual
power management:

processor	: 3
vendor_id	: GenuineIntel
cpu family	: 6
model		: 42
model name	: Intel(R) Core(TM) i7-2630QM CPU @ 2.00GHz
stepping	: 7
microcode	: 0x14
cpu MHz		: 1080.000
cache size	: 6144 KB
physical id	: 0
siblings	: 8
core id		: 3
cpu cores	: 4
apicid		: 6
initial apicid	: 6
fpu		: yes
fpu_exception	: yes
cpuid level	: 13
wp		: yes
flags		: fpu vme de pse tsc msr pae mce cx8 apic sep mtrr pge mca cmov pat pse36 clflush dts acpi mmx fxsr sse sse2 ss ht tm pbe syscall nx rdtscp lm constant_tsc arch_perfmon pebs bts rep_good nopl xtopology nonstop_tsc aperfmperf eagerfpu pni pclmulqdq dtes64 monitor ds_cpl vmx est tm2 ssse3 cx16 xtpr pdcm pcid sse4_1 sse4_2 x2apic popcnt tsc_deadline_timer xsave avx lahf_lm ida arat epb xsaveopt pln pts dtherm tpr_shadow vnmi flexpriority ept vpid
bogomips	: 3992.53
clflush size	: 64
cache_alignment	: 64
address sizes	: 36 bits physical, 48 bits virtual
power management:

processor	: 4
vendor_id	: GenuineIntel
cpu family	: 6
model		: 42
model name	: Intel(R) Core(TM) i7-2630QM CPU @ 2.00GHz
stepping	: 7
microcode	: 0x14
cpu MHz		: 1100.000
cache size	: 6144 KB
physical id	: 0
siblings	: 8
core id		: 0
cpu cores	: 4
apicid		: 1
initial apicid	: 1
fpu		: yes
fpu_exception	: yes
cpuid level	: 13
wp		: yes
flags		: fpu vme de pse tsc msr pae mce cx8 apic sep mtrr pge mca cmov pat pse36 clflush dts acpi mmx fxsr sse sse2 ss ht tm pbe syscall nx rdtscp lm constant_tsc arch_perfmon pebs bts rep_good nopl xtopology nonstop_tsc aperfmperf eagerfpu pni pclmulqdq dtes64 monitor ds_cpl vmx est tm2 ssse3 cx16 xtpr pdcm pcid sse4_1 sse4_2 x2apic popcnt tsc_deadline_timer xsave avx lahf_lm ida arat epb xsaveopt pln pts dtherm tpr_shadow vnmi flexpriority ept vpid
bogomips	: 3992.53
clflush size	: 64
cache_alignment	: 64
address sizes	: 36 bits physical, 48 bits virtual
power management:

processor	: 5
vendor_id	: GenuineIntel
cpu family	: 6
model		: 42
model name	: Intel(R) Core(TM) i7-2630QM CPU @ 2.00GHz
stepping	: 7
microcode	: 0x14
cpu MHz		: 1080.000
cache size	: 6144 KB
physical id	: 0
siblings	: 8
core id		: 1
cpu cores	: 4
apicid		: 3
initial apicid	: 3
fpu		: yes
fpu_exception	: yes
cpuid level	: 13
wp		: yes
flags		: fpu vme de pse tsc msr pae mce cx8 apic sep mtrr pge mca cmov pat pse36 clflush dts acpi mmx fxsr sse sse2 ss ht tm pbe syscall nx rdtscp lm constant_tsc arch_perfmon pebs bts rep_good nopl xtopology nonstop_tsc aperfmperf eagerfpu pni pclmulqdq dtes64 monitor ds_cpl vmx est tm2 ssse3 cx16 xtpr pdcm pcid sse4_1 sse4_2 x2apic popcnt tsc_deadline_timer xsave avx lahf_lm ida arat epb xsaveopt pln pts dtherm tpr_shadow vnmi flexpriority ept vpid
bogomips	: 3992.53
clflush size	: 64
cache_alignment	: 64
address sizes	: 36 bits physical, 48 bits virtual
power management:

processor	: 6
vendor_id	: GenuineIntel
cpu family	: 6
model		: 42
model name	: Intel(R) Core(TM) i7-2630QM CPU @ 2.00GHz
stepping	: 7
microcode	: 0x14
cpu MHz		: 1080.000
cache size	: 6144 KB
physical id	: 0
siblings	: 8
core id		: 2
cpu cores	: 4
apicid		: 5
initial apicid	: 5
fpu		: yes
fpu_exception	: yes
cpuid level	: 13
wp		: yes
flags		: fpu vme de pse tsc msr pae mce cx8 apic sep mtrr pge mca cmov pat pse36 clflush dts acpi mmx fxsr sse sse2 ss ht tm pbe syscall nx rdtscp lm constant_tsc arch_perfmon pebs bts rep_good nopl xtopology nonstop_tsc aperfmperf eagerfpu pni pclmulqdq dtes64 monitor ds_cpl vmx est tm2 ssse3 cx16 xtpr pdcm pcid sse4_1 sse4_2 x2apic popcnt tsc_deadline_timer xsave avx lahf_lm ida arat epb xsaveopt pln pts dtherm tpr_shadow vnmi flexpriority ept vpid
bogomips	: 3992.53
clflush size	: 64
cache_alignment	: 64
address sizes	: 36 bits physical, 48 bits virtual
power management:

processor	: 7
vendor_id	: GenuineIntel
cpu family	: 6
model		: 42
model name	: Intel(R) Core(TM) i7-2630QM CPU @ 2.00GHz
stepping	: 7
microcode	: 0x14
cpu MHz		: 1080.000
cache size	: 6144 KB
physical id	: 0
siblings	: 8
core id		: 3
cpu cores	: 4
apicid		: 7
initial apicid	: 7
fpu		: yes
fpu_exception	: yes
cpuid level	: 13
wp		: yes
flags		: fpu vme de pse tsc msr pae mce cx8 apic sep mtrr pge mca cmov pat pse36 clflush dts acpi mmx fxsr sse sse2 ss ht tm pbe syscall nx rdtscp lm constant_tsc arch_perfmon pebs bts rep_good nopl xtopology nonstop_tsc aperfmperf eagerfpu pni pclmulqdq dtes64 monitor ds_cpl vmx est tm2 ssse3 cx16 xtpr pdcm pcid sse4_1 sse4_2 x2apic popcnt tsc_deadline_timer xsave avx lahf_lm ida arat epb xsaveopt pln pts dtherm tpr_shadow vnmi flexpriority ept vpid
bogomips	: 3992.53
clflush size	: 64
cache_alignment	: 64
address sizes	: 36 bits physical, 48 bits virtual
power management:



Memory: 4k page, physical 6092604k(273672k free), swap 0k(0k free)

vm_info: OpenJDK 64-Bit Server VM (24.0-b56) for linux-amd64 JRE (1.7.0_40-b60), built on Sep 23 2013 19:51:37 by "nobody" with gcc 4.8.1 20130725 (prerelease)

time: Wed Oct 23 12:28:26 2013
elapsed time: 6 seconds

