#
# There is insufficient memory for the Java Runtime Environment to continue.
# Native memory allocation (malloc) failed to allocate 268435456 bytes for committing reserved memory.
# Possible reasons:
#   The system is out of physical RAM or swap space
#   In 32 bit mode, the process size limit was hit
# Possible solutions:
#   Reduce memory load on the system
#   Increase physical memory or swap space
#   Check if swap backing store is full
#   Use 64 bit Java on a 64 bit OS
#   Decrease Java heap size (-Xmx/-Xms)
#   Decrease number of Java threads
#   Decrease Java thread stack sizes (-Xss)
#   Set larger code cache with -XX:ReservedCodeCacheSize=
# This output file may be truncated or incomplete.
#
#  Out of Memory Error (os_linux.cpp:2761), pid=3806, tid=140273618966272
#
# JRE version: OpenJDK Runtime Environment (7.0_40-b60) (build 1.7.0_40-b60)
# Java VM: OpenJDK 64-Bit Server VM (24.0-b56 mixed mode linux-amd64 compressed oops)
# Failed to write core dump. Core dumps have been disabled. To enable core dumping, try "ulimit -c unlimited" before starting Java again
#

---------------  T H R E A D  ---------------

Current thread (0x00007f93f8008800):  JavaThread "main" [_thread_in_vm, id=3811, stack(0x00007f93ff2ad000,0x00007f93ff3ae000)]

Stack: [0x00007f93ff2ad000,0x00007f93ff3ae000],  sp=0x00007f93ff3ac3b0,  free space=1020k
Native frames: (J=compiled Java code, j=interpreted, Vv=VM code, C=native code)
V  [libjvm.so+0x929e35]  JVM_handle_linux_signal+0x177695
V  [libjvm.so+0x47a554]  dlerror+0x47a554
V  [libjvm.so+0x7acbb3]  JVM_FindSignal+0x18c823
V  [libjvm.so+0x7a757f]  JVM_FindSignal+0x1871ef
V  [libjvm.so+0x81784b]  JVM_handle_linux_signal+0x650ab
V  [libjvm.so+0x80761b]  JVM_handle_linux_signal+0x54e7b
V  [libjvm.so+0x807800]  JVM_handle_linux_signal+0x55060
V  [libjvm.so+0x8080b8]  JVM_handle_linux_signal+0x55918
V  [libjvm.so+0x7cb877]  JVM_handle_linux_signal+0x190d7
V  [libjvm.so+0x596eb5]  AsyncGetCallTrace+0x9ef65
V  [libjvm.so+0x5c5b3e]  AsyncGetCallTrace+0xcdbee
j  java.util.Arrays.copyOf([Ljava/lang/Object;ILjava/lang/Class;)[Ljava/lang/Object;+8
j  java.util.Arrays.copyOf([Ljava/lang/Object;I)[Ljava/lang/Object;+6
j  java.util.ArrayList.grow(I)V+38

Java frames: (J=compiled Java code, j=interpreted, Vv=VM code)
j  java.util.Arrays.copyOf([Ljava/lang/Object;ILjava/lang/Class;)[Ljava/lang/Object;+8
j  java.util.Arrays.copyOf([Ljava/lang/Object;I)[Ljava/lang/Object;+6
j  java.util.ArrayList.grow(I)V+38
J  assign5Package.ArrayListWithIterators.append(I)V
j  assign5Package.IteratorTester.main([Ljava/lang/String;)V+69
v  ~StubRoutines::call_stub

---------------  P R O C E S S  ---------------

Java Threads: ( => current thread )
  0x00007f93f80ad000 JavaThread "Service Thread" daemon [_thread_blocked, id=3826, stack(0x00007f93de8c3000,0x00007f93de9c4000)]
  0x00007f93f80ab000 JavaThread "C2 CompilerThread1" daemon [_thread_blocked, id=3825, stack(0x00007f93de9c4000,0x00007f93deac5000)]
  0x00007f93f80a8000 JavaThread "C2 CompilerThread0" daemon [_thread_blocked, id=3824, stack(0x00007f93deac5000,0x00007f93debc6000)]
  0x00007f93f80a6000 JavaThread "Signal Dispatcher" daemon [_thread_blocked, id=3823, stack(0x00007f93debc6000,0x00007f93decc7000)]
  0x00007f93f8082800 JavaThread "Finalizer" daemon [_thread_blocked, id=3822, stack(0x00007f93dee8c000,0x00007f93def8d000)]
  0x00007f93f8080800 JavaThread "Reference Handler" daemon [_thread_blocked, id=3821, stack(0x00007f93def8d000,0x00007f93df08e000)]
=>0x00007f93f8008800 JavaThread "main" [_thread_in_vm, id=3811, stack(0x00007f93ff2ad000,0x00007f93ff3ae000)]

Other Threads:
  0x00007f93f807c000 VMThread [stack: 0x00007f93df08e000,0x00007f93df18f000] [id=3820]
  0x00007f93f80b8000 WatcherThread [stack: 0x00007f93de7c2000,0x00007f93de8c3000] [id=3827]

VM state:not at safepoint (normal execution)

VM Mutex/Monitor currently owned by a thread:  ([mutex/lock_event])
[0x00007f93f8005c30] ExpandHeap_lock - owner thread: 0x00007f93f8008800
[0x00007f93f80067b0] Heap_lock - owner thread: 0x00007f93f8008800

Heap
 PSYoungGen      total 28160K, used 11141K [0x00000000e1000000, 0x00000000e4700000, 0x0000000100000000)
  eden space 24576K, 43% used [0x00000000e1000000,0x00000000e1a8d638,0x00000000e2800000)
  from space 3584K, 9% used [0x00000000e2800000,0x00000000e2854010,0x00000000e2b80000)
  to   space 3584K, 0% used [0x00000000e4380000,0x00000000e4380000,0x00000000e4700000)
 ParOldGen       total 753664K, used 732284K [0x00000000a3000000, 0x00000000d1000000, 0x00000000e1000000)
  object space 753664K, 97% used [0x00000000a3000000,0x00000000cfb1f240,0x00000000d1000000)
 PSPermGen       total 21504K, used 2777K [0x0000000098a00000, 0x0000000099f00000, 0x00000000a3000000)
  object space 21504K, 12% used [0x0000000098a00000,0x0000000098cb65e0,0x0000000099f00000)

Card table byte_map: [0x00007f93fc22d000,0x00007f93fc569000] byte_map_base: 0x00007f93fbd68000

Polling page: 0x00007f93ff3c6000

Code Cache  [0x00007f93f5000000, 0x00007f93f5270000, 0x00007f93f8000000)
 total_blobs=192 nmethods=11 adapters=135 free_code_cache=48759Kb largest_free_block=49908544

Compilation events (10 events):
Event: 0.300 Thread 0x00007f93f80ab000 nmethod 5 0x00007f93f5060250 code [0x00007f93f50603a0, 0x00007f93f5060468]
Event: 0.300 Thread 0x00007f93f80ab000    8             java.util.ArrayList::add (54 bytes)
Event: 0.303 Thread 0x00007f93f80a8000 nmethod 7 0x00007f93f505ff10 code [0x00007f93f5060060, 0x00007f93f5060168]
Event: 0.303 Thread 0x00007f93f80a8000    9             java.util.ArrayList::rangeCheckForAdd (26 bytes)
Event: 0.304 Thread 0x00007f93f80a8000 nmethod 9 0x00007f93f505fcd0 code [0x00007f93f505fe00, 0x00007f93f505fe78]
Event: 0.304 Thread 0x00007f93f80a8000   10             java.lang.Integer::intValue (5 bytes)
Event: 0.305 Thread 0x00007f93f80a8000 nmethod 10 0x00007f93f505fad0 code [0x00007f93f505fc00, 0x00007f93f505fc58]
Event: 0.305 Thread 0x00007f93f80a8000   11 %           assign5Package.ArrayListWithIterators::append @ 88 (140 bytes)
Event: 0.310 Thread 0x00007f93f80ab000 nmethod 8 0x00007f93f5063810 code [0x00007f93f5063980, 0x00007f93f5063c08]
Event: 0.328 Thread 0x00007f93f80a8000 nmethod 11% 0x00007f93f5062ad0 code [0x00007f93f5062c80, 0x00007f93f5063258]

GC Heap History (2 events):
Event: 0.486 GC heap before
{Heap before GC invocations=1 (full 0):
 PSYoungGen      total 28160K, used 20035K [0x00000000e1000000, 0x00000000e2f00000, 0x0000000100000000)
  eden space 24576K, 81% used [0x00000000e1000000,0x00000000e2390e28,0x00000000e2800000)
  from space 3584K, 0% used [0x00000000e2b80000,0x00000000e2b80000,0x00000000e2f00000)
  to   space 3584K, 0% used [0x00000000e2800000,0x00000000e2800000,0x00000000e2b80000)
 ParOldGen       total 63488K, used 0K [0x00000000a3000000, 0x00000000a6e00000, 0x00000000e1000000)
  object space 63488K, 0% used [0x00000000a3000000,0x00000000a3000000,0x00000000a6e00000)
 PSPermGen       total 21504K, used 2774K [0x0000000098a00000, 0x0000000099f00000, 0x00000000a3000000)
  object space 21504K, 12% used [0x0000000098a00000,0x0000000098cb59a0,0x0000000099f00000)
Event: 0.535 GC heap after
Heap after GC invocations=1 (full 0):
 PSYoungGen      total 28160K, used 336K [0x00000000e1000000, 0x00000000e4700000, 0x0000000100000000)
  eden space 24576K, 0% used [0x00000000e1000000,0x00000000e1000000,0x00000000e2800000)
  from space 3584K, 9% used [0x00000000e2800000,0x00000000e2854010,0x00000000e2b80000)
  to   space 3584K, 0% used [0x00000000e4380000,0x00000000e4380000,0x00000000e4700000)
 ParOldGen       total 63488K, used 6548K [0x00000000a3000000, 0x00000000a6e00000, 0x00000000e1000000)
  object space 63488K, 10% used [0x00000000a3000000,0x00000000a36650d8,0x00000000a6e00000)
 PSPermGen       total 21504K, used 2774K [0x0000000098a00000, 0x0000000099f00000, 0x00000000a3000000)
  object space 21504K, 12% used [0x0000000098a00000,0x0000000098cb59a0,0x0000000099f00000)
}

Deoptimization events (0 events):
No events

Internal exceptions (7 events):
Event: 0.115 Thread 0x00007f93f8008800 Threw 0x00000000e1010268 at /build/java7-openjdk/src/icedtea-2.4.2/openjdk/hotspot/src/share/vm/prims/jni.cpp:3991
Event: 0.232 Thread 0x00007f93f8008800 Threw 0x00000000e104a7e8 at /build/java7-openjdk/src/icedtea-2.4.2/openjdk/hotspot/src/share/vm/prims/jvm.cpp:1244
Event: 0.245 Thread 0x00007f93f8008800 Threw 0x00000000e1050a28 at /build/java7-openjdk/src/icedtea-2.4.2/openjdk/hotspot/src/share/vm/prims/jvm.cpp:1244
Event: 0.246 Thread 0x00007f93f8008800 Threw 0x00000000e10525e0 at /build/java7-openjdk/src/icedtea-2.4.2/openjdk/hotspot/src/share/vm/prims/jvm.cpp:1244
Event: 0.248 Thread 0x00007f93f8008800 Threw 0x00000000e1055060 at /build/java7-openjdk/src/icedtea-2.4.2/openjdk/hotspot/src/share/vm/prims/jvm.cpp:1244
Event: 0.249 Thread 0x00007f93f8008800 Threw 0x00000000e1056d98 at /build/java7-openjdk/src/icedtea-2.4.2/openjdk/hotspot/src/share/vm/prims/jvm.cpp:1244
Event: 0.249 Thread 0x00007f93f8008800 Threw 0x00000000e10587f0 at /build/java7-openjdk/src/icedtea-2.4.2/openjdk/hotspot/src/share/vm/prims/jvm.cpp:1244

Events (10 events):
Event: 0.249 loading class 0x00007f93f80dc3f0
Event: 0.249 loading class 0x00007f93f80dc3f0 done
Event: 0.251 loading class 0x00007f93f440f3e0
Event: 0.252 loading class 0x00007f93f440f3e0 done
Event: 0.486 Executing VM operation: ParallelGCFailedAllocation
Event: 0.535 Executing VM operation: ParallelGCFailedAllocation done
Event: 0.535 loading class 0x00007f93f443bf00
Event: 0.535 loading class 0x00007f93f443bf00 done
Event: 4.220 Executing VM operation: EnableBiasedLocking
Event: 4.220 Executing VM operation: EnableBiasedLocking done


Dynamic libraries:
00400000-00401000 r-xp 00000000 08:03 1186119                            /usr/lib/jvm/java-7-openjdk/jre/bin/java
00600000-00601000 rw-p 00000000 08:03 1186119                            /usr/lib/jvm/java-7-openjdk/jre/bin/java
0245a000-0247b000 rw-p 00000000 00:00 0                                  [heap]
98a00000-99f00000 rw-p 00000000 00:00 0 
99f00000-a3000000 rw-p 00000000 00:00 0 
a3000000-d1000000 rw-p 00000000 00:00 0 
e1000000-e4700000 rw-p 00000000 00:00 0 
e4700000-100000000 rw-p 00000000 00:00 0 
7f93a0000000-7f93a0021000 rw-p 00000000 00:00 0 
7f93a0021000-7f93a4000000 ---p 00000000 00:00 0 
7f93a8000000-7f93a8086000 rw-p 00000000 00:00 0 
7f93a8086000-7f93ac000000 ---p 00000000 00:00 0 
7f93ac000000-7f93ac021000 rw-p 00000000 00:00 0 
7f93ac021000-7f93b0000000 ---p 00000000 00:00 0 
7f93b0000000-7f93b0021000 rw-p 00000000 00:00 0 
7f93b0021000-7f93b4000000 ---p 00000000 00:00 0 
7f93b4000000-7f93b40bb000 rw-p 00000000 00:00 0 
7f93b40bb000-7f93b8000000 ---p 00000000 00:00 0 
7f93b8000000-7f93b8021000 rw-p 00000000 00:00 0 
7f93b8021000-7f93bc000000 ---p 00000000 00:00 0 
7f93bc000000-7f93bc021000 rw-p 00000000 00:00 0 
7f93bc021000-7f93c0000000 ---p 00000000 00:00 0 
7f93c0000000-7f93c0021000 rw-p 00000000 00:00 0 
7f93c0021000-7f93c4000000 ---p 00000000 00:00 0 
7f93c4000000-7f93c4021000 rw-p 00000000 00:00 0 
7f93c4021000-7f93c8000000 ---p 00000000 00:00 0 
7f93c8000000-7f93c8021000 rw-p 00000000 00:00 0 
7f93c8021000-7f93cc000000 ---p 00000000 00:00 0 
7f93d0000000-7f93d0021000 rw-p 00000000 00:00 0 
7f93d0021000-7f93d4000000 ---p 00000000 00:00 0 
7f93d8000000-7f93d8021000 rw-p 00000000 00:00 0 
7f93d8021000-7f93dc000000 ---p 00000000 00:00 0 
7f93de7c2000-7f93de7c3000 ---p 00000000 00:00 0 
7f93de7c3000-7f93de8c3000 rw-p 00000000 00:00 0                          [stack:3827]
7f93de8c3000-7f93de8c6000 ---p 00000000 00:00 0 
7f93de8c6000-7f93de9c4000 rw-p 00000000 00:00 0                          [stack:3826]
7f93de9c4000-7f93de9c7000 ---p 00000000 00:00 0 
7f93de9c7000-7f93deac5000 rw-p 00000000 00:00 0                          [stack:3825]
7f93deac5000-7f93deac8000 ---p 00000000 00:00 0 
7f93deac8000-7f93debc6000 rw-p 00000000 00:00 0                          [stack:3824]
7f93debc6000-7f93debc9000 ---p 00000000 00:00 0 
7f93debc9000-7f93decc7000 rw-p 00000000 00:00 0                          [stack:3823]
7f93decc7000-7f93dee8c000 r--p 00000000 08:03 149119                     /usr/lib/locale/locale-archive
7f93dee8c000-7f93dee8f000 ---p 00000000 00:00 0 
7f93dee8f000-7f93def8d000 rw-p 00000000 00:00 0                          [stack:3822]
7f93def8d000-7f93def90000 ---p 00000000 00:00 0 
7f93def90000-7f93df08e000 rw-p 00000000 00:00 0                          [stack:3821]
7f93df08e000-7f93df08f000 ---p 00000000 00:00 0 
7f93df08f000-7f93e0000000 rw-p 00000000 00:00 0                          [stack:3820]
7f93e0000000-7f93e0021000 rw-p 00000000 00:00 0 
7f93e0021000-7f93e4000000 ---p 00000000 00:00 0 
7f93e4000000-7f93e4021000 rw-p 00000000 00:00 0 
7f93e4021000-7f93e8000000 ---p 00000000 00:00 0 
7f93e8000000-7f93e8021000 rw-p 00000000 00:00 0 
7f93e8021000-7f93ec000000 ---p 00000000 00:00 0 
7f93ec002000-7f93f0000000 rw-p 00000000 00:00 0 
7f93f0000000-7f93f0021000 rw-p 00000000 00:00 0 
7f93f0021000-7f93f4000000 ---p 00000000 00:00 0 
7f93f401f000-7f93f41ec000 rw-p 00000000 00:00 0 
7f93f41ec000-7f93f4399000 r--s 01ce2000 08:03 1186066                    /usr/lib/jvm/java-7-openjdk/jre/lib/rt.jar
7f93f4399000-7f93f47a5000 rw-p 00000000 00:00 0 
7f93f47a5000-7f93f47a6000 ---p 00000000 00:00 0 
7f93f47a6000-7f93f48a6000 rw-p 00000000 00:00 0                          [stack:3819]
7f93f48a6000-7f93f48a7000 ---p 00000000 00:00 0 
7f93f48a7000-7f93f49a7000 rw-p 00000000 00:00 0                          [stack:3818]
7f93f49a7000-7f93f49a8000 ---p 00000000 00:00 0 
7f93f49a8000-7f93f4aa8000 rw-p 00000000 00:00 0                          [stack:3817]
7f93f4aa8000-7f93f4aa9000 ---p 00000000 00:00 0 
7f93f4aa9000-7f93f4ba9000 rw-p 00000000 00:00 0                          [stack:3816]
7f93f4ba9000-7f93f4baa000 ---p 00000000 00:00 0 
7f93f4baa000-7f93f4caa000 rw-p 00000000 00:00 0                          [stack:3815]
7f93f4caa000-7f93f4cab000 ---p 00000000 00:00 0 
7f93f4cab000-7f93f4dab000 rw-p 00000000 00:00 0                          [stack:3814]
7f93f4dab000-7f93f4dac000 ---p 00000000 00:00 0 
7f93f4dac000-7f93f4eac000 rw-p 00000000 00:00 0                          [stack:3813]
7f93f4eac000-7f93f4ead000 ---p 00000000 00:00 0 
7f93f4ead000-7f93f4fb8000 rw-p 00000000 00:00 0                          [stack:3812]
7f93f4fb8000-7f93f5000000 rw-p 00000000 00:00 0 
7f93f5000000-7f93f5270000 rwxp 00000000 00:00 0 
7f93f5270000-7f93f80e7000 rw-p 00000000 00:00 0 
7f93f80e7000-7f93fc000000 ---p 00000000 00:00 0 
7f93fc015000-7f93fc1ad000 rw-p 00000000 00:00 0 
7f93fc1ad000-7f93fc22d000 rw-p 00000000 00:00 0 
7f93fc22d000-7f93fc238000 rw-p 00000000 00:00 0 
7f93fc238000-7f93fc280000 rw-p 00000000 00:00 0 
7f93fc280000-7f93fc3f0000 rw-p 00000000 00:00 0 
7f93fc3f0000-7f93fc470000 rw-p 00000000 00:00 0 
7f93fc470000-7f93fc48c000 rw-p 00000000 00:00 0 
7f93fc48c000-7f93fc568000 rw-p 00000000 00:00 0 
7f93fc568000-7f93fc569000 rw-p 00000000 00:00 0 
7f93fc569000-7f93fc571000 r-xp 00000000 08:03 1186089                    /usr/lib/jvm/java-7-openjdk/jre/lib/amd64/libzip.so
7f93fc571000-7f93fc770000 ---p 00008000 08:03 1186089                    /usr/lib/jvm/java-7-openjdk/jre/lib/amd64/libzip.so
7f93fc770000-7f93fc771000 rw-p 00007000 08:03 1186089                    /usr/lib/jvm/java-7-openjdk/jre/lib/amd64/libzip.so
7f93fc771000-7f93fc77c000 r-xp 00000000 08:03 134316                     /usr/lib/libnss_files-2.18.so
7f93fc77c000-7f93fc97c000 ---p 0000b000 08:03 134316                     /usr/lib/libnss_files-2.18.so
7f93fc97c000-7f93fc97d000 r--p 0000b000 08:03 134316                     /usr/lib/libnss_files-2.18.so
7f93fc97d000-7f93fc97e000 rw-p 0000c000 08:03 134316                     /usr/lib/libnss_files-2.18.so
7f93fc97e000-7f93fc9a9000 r-xp 00000000 08:03 1186088                    /usr/lib/jvm/java-7-openjdk/jre/lib/amd64/libjava.so
7f93fc9a9000-7f93fcba9000 ---p 0002b000 08:03 1186088                    /usr/lib/jvm/java-7-openjdk/jre/lib/amd64/libjava.so
7f93fcba9000-7f93fcbab000 rw-p 0002b000 08:03 1186088                    /usr/lib/jvm/java-7-openjdk/jre/lib/amd64/libjava.so
7f93fcbab000-7f93fcbb8000 r-xp 00000000 08:03 1186087                    /usr/lib/jvm/java-7-openjdk/jre/lib/amd64/libverify.so
7f93fcbb8000-7f93fcdb7000 ---p 0000d000 08:03 1186087                    /usr/lib/jvm/java-7-openjdk/jre/lib/amd64/libverify.so
7f93fcdb7000-7f93fcdb9000 rw-p 0000c000 08:03 1186087                    /usr/lib/jvm/java-7-openjdk/jre/lib/amd64/libverify.so
7f93fcdb9000-7f93fcdc0000 r-xp 00000000 08:03 134385                     /usr/lib/librt-2.18.so
7f93fcdc0000-7f93fcfbf000 ---p 00007000 08:03 134385                     /usr/lib/librt-2.18.so
7f93fcfbf000-7f93fcfc0000 r--p 00006000 08:03 134385                     /usr/lib/librt-2.18.so
7f93fcfc0000-7f93fcfc1000 rw-p 00007000 08:03 134385                     /usr/lib/librt-2.18.so
7f93fcfc1000-7f93fcfd6000 r-xp 00000000 08:03 137385                     /usr/lib/libgcc_s.so.1
7f93fcfd6000-7f93fd1d6000 ---p 00015000 08:03 137385                     /usr/lib/libgcc_s.so.1
7f93fd1d6000-7f93fd1d7000 rw-p 00015000 08:03 137385                     /usr/lib/libgcc_s.so.1
7f93fd1d7000-7f93fd2d9000 r-xp 00000000 08:03 134353                     /usr/lib/libm-2.18.so
7f93fd2d9000-7f93fd4d8000 ---p 00102000 08:03 134353                     /usr/lib/libm-2.18.so
7f93fd4d8000-7f93fd4d9000 r--p 00101000 08:03 134353                     /usr/lib/libm-2.18.so
7f93fd4d9000-7f93fd4da000 rw-p 00102000 08:03 134353                     /usr/lib/libm-2.18.so
7f93fd4da000-7f93fd5c0000 r-xp 00000000 08:03 137381                     /usr/lib/libstdc++.so.6.0.18
7f93fd5c0000-7f93fd7bf000 ---p 000e6000 08:03 137381                     /usr/lib/libstdc++.so.6.0.18
7f93fd7bf000-7f93fd7c7000 r--p 000e5000 08:03 137381                     /usr/lib/libstdc++.so.6.0.18
7f93fd7c7000-7f93fd7c9000 rw-p 000ed000 08:03 137381                     /usr/lib/libstdc++.so.6.0.18
7f93fd7c9000-7f93fd7de000 rw-p 00000000 00:00 0 
7f93fd7de000-7f93fe2d1000 r-xp 00000000 08:03 1186118                    /usr/lib/jvm/java-7-openjdk/jre/lib/amd64/server/libjvm.so
7f93fe2d1000-7f93fe4d1000 ---p 00af3000 08:03 1186118                    /usr/lib/jvm/java-7-openjdk/jre/lib/amd64/server/libjvm.so
7f93fe4d1000-7f93fe58c000 rw-p 00af3000 08:03 1186118                    /usr/lib/jvm/java-7-openjdk/jre/lib/amd64/server/libjvm.so
7f93fe58c000-7f93fe5b9000 rw-p 00000000 00:00 0 
7f93fe5b9000-7f93fe5ce000 r-xp 00000000 08:03 137429                     /usr/lib/libz.so.1.2.8
7f93fe5ce000-7f93fe7cd000 ---p 00015000 08:03 137429                     /usr/lib/libz.so.1.2.8
7f93fe7cd000-7f93fe7ce000 r--p 00014000 08:03 137429                     /usr/lib/libz.so.1.2.8
7f93fe7ce000-7f93fe7cf000 rw-p 00015000 08:03 137429                     /usr/lib/libz.so.1.2.8
7f93fe7cf000-7f93fe971000 r-xp 00000000 08:03 134354                     /usr/lib/libc-2.18.so
7f93fe971000-7f93feb70000 ---p 001a2000 08:03 134354                     /usr/lib/libc-2.18.so
7f93feb70000-7f93feb74000 r--p 001a1000 08:03 134354                     /usr/lib/libc-2.18.so
7f93feb74000-7f93feb76000 rw-p 001a5000 08:03 134354                     /usr/lib/libc-2.18.so
7f93feb76000-7f93feb7a000 rw-p 00000000 00:00 0 
7f93feb7a000-7f93feb7d000 r-xp 00000000 08:03 134386                     /usr/lib/libdl-2.18.so
7f93feb7d000-7f93fed7c000 ---p 00003000 08:03 134386                     /usr/lib/libdl-2.18.so
7f93fed7c000-7f93fed7d000 r--p 00002000 08:03 134386                     /usr/lib/libdl-2.18.so
7f93fed7d000-7f93fed7e000 rw-p 00003000 08:03 134386                     /usr/lib/libdl-2.18.so
7f93fed7e000-7f93fed8b000 r-xp 00000000 08:03 1314790                    /usr/lib/jvm/java-7-openjdk/jre/lib/amd64/jli/libjli.so
7f93fed8b000-7f93fef8a000 ---p 0000d000 08:03 1314790                    /usr/lib/jvm/java-7-openjdk/jre/lib/amd64/jli/libjli.so
7f93fef8a000-7f93fef8b000 rw-p 0000c000 08:03 1314790                    /usr/lib/jvm/java-7-openjdk/jre/lib/amd64/jli/libjli.so
7f93fef8b000-7f93fefa3000 r-xp 00000000 08:03 134320                     /usr/lib/libpthread-2.18.so
7f93fefa3000-7f93ff1a3000 ---p 00018000 08:03 134320                     /usr/lib/libpthread-2.18.so
7f93ff1a3000-7f93ff1a4000 r--p 00018000 08:03 134320                     /usr/lib/libpthread-2.18.so
7f93ff1a4000-7f93ff1a5000 rw-p 00019000 08:03 134320                     /usr/lib/libpthread-2.18.so
7f93ff1a5000-7f93ff1a9000 rw-p 00000000 00:00 0 
7f93ff1a9000-7f93ff1c9000 r-xp 00000000 08:03 134341                     /usr/lib/ld-2.18.so
7f93ff1cc000-7f93ff1f7000 rw-p 00000000 00:00 0 
7f93ff1f7000-7f93ff2ad000 rw-p 00000000 00:00 0 
7f93ff2ad000-7f93ff2b0000 ---p 00000000 00:00 0 
7f93ff2b0000-7f93ff3b2000 rw-p 00000000 00:00 0                          [stack:3811]
7f93ff3b9000-7f93ff3ba000 rw-p 00000000 00:00 0 
7f93ff3ba000-7f93ff3bd000 r--s 0000f000 08:03 1314788                    /usr/lib/jvm/java-7-openjdk/jre/lib/ext/pulse-java.jar
7f93ff3bd000-7f93ff3c5000 rw-s 00000000 00:1e 4019070                    /tmp/hsperfdata_stephen/3806
7f93ff3c5000-7f93ff3c6000 rw-p 00000000 00:00 0 
7f93ff3c6000-7f93ff3c7000 r--p 00000000 00:00 0 
7f93ff3c7000-7f93ff3c8000 rw-p 00000000 00:00 0 
7f93ff3c8000-7f93ff3c9000 r--p 0001f000 08:03 134341                     /usr/lib/ld-2.18.so
7f93ff3c9000-7f93ff3ca000 rw-p 00020000 08:03 134341                     /usr/lib/ld-2.18.so
7f93ff3ca000-7f93ff3cb000 rw-p 00000000 00:00 0 
7fff5676a000-7fff5678b000 rw-p 00000000 00:00 0                          [stack]
7fff567fe000-7fff56800000 r-xp 00000000 00:00 0                          [vdso]
ffffffffff600000-ffffffffff601000 r-xp 00000000 00:00 0                  [vsyscall]

VM Arguments:
jvm_args: -Dfile.encoding=UTF-8 
java_command: assign5Package.IteratorTester
Launcher Type: SUN_STANDARD

Environment Variables:
JAVA_HOME=/usr/lib/jvm/java-7-openjdk
PATH=/usr/local/sbin:/usr/local/bin:/usr/bin:/usr/bin/vendor_perl:/usr/bin/core_perl
SHELL=/bin/bash
DISPLAY=:0

Signal Handlers:
SIGSEGV: [libjvm.so+0x92a920], sa_mask[0]=0x7ffbfeff, sa_flags=0x10000004
SIGBUS: [libjvm.so+0x92a920], sa_mask[0]=0x7ffbfeff, sa_flags=0x10000004
SIGFPE: [libjvm.so+0x7a82c0], sa_mask[0]=0x7ffbfeff, sa_flags=0x10000004
SIGPIPE: [libjvm.so+0x7a82c0], sa_mask[0]=0x7ffbfeff, sa_flags=0x10000004
SIGXFSZ: [libjvm.so+0x7a82c0], sa_mask[0]=0x7ffbfeff, sa_flags=0x10000004
SIGILL: [libjvm.so+0x7a82c0], sa_mask[0]=0x7ffbfeff, sa_flags=0x10000004
SIGUSR1: SIG_DFL, sa_mask[0]=0x00000000, sa_flags=0x00000000
SIGUSR2: [libjvm.so+0x7a8160], sa_mask[0]=0x00000004, sa_flags=0x10000004
SIGHUP: [libjvm.so+0x7a8340], sa_mask[0]=0x7ffbfeff, sa_flags=0x10000004
SIGINT: [libjvm.so+0x7a8340], sa_mask[0]=0x7ffbfeff, sa_flags=0x10000004
SIGTERM: [libjvm.so+0x7a8340], sa_mask[0]=0x7ffbfeff, sa_flags=0x10000004
SIGQUIT: [libjvm.so+0x7a8340], sa_mask[0]=0x7ffbfeff, sa_flags=0x10000004


---------------  S Y S T E M  ---------------

OS:Linux
uname:Linux 3.11.4-1-ARCH #1 SMP PREEMPT Sat Oct 5 21:22:51 CEST 2013 x86_64
libc:glibc 2.18 NPTL 2.18 
rlimit: STACK 8192k, CORE 0k, NPROC 47554, NOFILE 4096, AS infinity
load average:10.08 3.94 1.85

/proc/meminfo:
MemTotal:        6092604 kB
MemFree:          125172 kB
Buffers:            2480 kB
Cached:            58632 kB
SwapCached:            0 kB
Active:          5769740 kB
Inactive:          36124 kB
Active(anon):    5745996 kB
Inactive(anon):    12248 kB
Active(file):      23744 kB
Inactive(file):    23876 kB
Unevictable:           0 kB
Mlocked:               0 kB
SwapTotal:             0 kB
SwapFree:              0 kB
Dirty:               352 kB
Writeback:             0 kB
AnonPages:       5744944 kB
Mapped:            41880 kB
Shmem:             13456 kB
Slab:              42628 kB
SReclaimable:      18540 kB
SUnreclaim:        24088 kB
KernelStack:        4792 kB
PageTables:        20576 kB
NFS_Unstable:          0 kB
Bounce:                0 kB
WritebackTmp:          0 kB
CommitLimit:     3046300 kB
Committed_AS:    9037832 kB
VmallocTotal:   34359738367 kB
VmallocUsed:      216688 kB
VmallocChunk:   34359495163 kB
HardwareCorrupted:     0 kB
AnonHugePages:   4730880 kB
HugePages_Total:       0
HugePages_Free:        0
HugePages_Rsvd:        0
HugePages_Surp:        0
Hugepagesize:       2048 kB
DirectMap4k:       11824 kB
DirectMap2M:     6256640 kB


CPU:total 8 (4 cores per cpu, 2 threads per core) family 6 model 42 stepping 7, cmov, cx8, fxsr, mmx, sse, sse2, sse3, ssse3, sse4.1, sse4.2, popcnt, avx, ht, tsc, tscinvbit

/proc/cpuinfo:
processor	: 0
vendor_id	: GenuineIntel
cpu family	: 6
model		: 42
model name	: Intel(R) Core(TM) i7-2630QM CPU @ 2.00GHz
stepping	: 7
microcode	: 0x14
cpu MHz		: 1080.000
cache size	: 6144 KB
physical id	: 0
siblings	: 8
core id		: 0
cpu cores	: 4
apicid		: 0
initial apicid	: 0
fpu		: yes
fpu_exception	: yes
cpuid level	: 13
wp		: yes
flags		: fpu vme de pse tsc msr pae mce cx8 apic sep mtrr pge mca cmov pat pse36 clflush dts acpi mmx fxsr sse sse2 ss ht tm pbe syscall nx rdtscp lm constant_tsc arch_perfmon pebs bts rep_good nopl xtopology nonstop_tsc aperfmperf eagerfpu pni pclmulqdq dtes64 monitor ds_cpl vmx est tm2 ssse3 cx16 xtpr pdcm pcid sse4_1 sse4_2 x2apic popcnt tsc_deadline_timer xsave avx lahf_lm ida arat epb xsaveopt pln pts dtherm tpr_shadow vnmi flexpriority ept vpid
bogomips	: 3992.53
clflush size	: 64
cache_alignment	: 64
address sizes	: 36 bits physical, 48 bits virtual
power management:

processor	: 1
vendor_id	: GenuineIntel
cpu family	: 6
model		: 42
model name	: Intel(R) Core(TM) i7-2630QM CPU @ 2.00GHz
stepping	: 7
microcode	: 0x14
cpu MHz		: 1080.000
cache size	: 6144 KB
physical id	: 0
siblings	: 8
core id		: 1
cpu cores	: 4
apicid		: 2
initial apicid	: 2
fpu		: yes
fpu_exception	: yes
cpuid level	: 13
wp		: yes
flags		: fpu vme de pse tsc msr pae mce cx8 apic sep mtrr pge mca cmov pat pse36 clflush dts acpi mmx fxsr sse sse2 ss ht tm pbe syscall nx rdtscp lm constant_tsc arch_perfmon pebs bts rep_good nopl xtopology nonstop_tsc aperfmperf eagerfpu pni pclmulqdq dtes64 monitor ds_cpl vmx est tm2 ssse3 cx16 xtpr pdcm pcid sse4_1 sse4_2 x2apic popcnt tsc_deadline_timer xsave avx lahf_lm ida arat epb xsaveopt pln pts dtherm tpr_shadow vnmi flexpriority ept vpid
bogomips	: 3992.53
clflush size	: 64
cache_alignment	: 64
address sizes	: 36 bits physical, 48 bits virtual
power management:

processor	: 2
vendor_id	: GenuineIntel
cpu family	: 6
model		: 42
model name	: Intel(R) Core(TM) i7-2630QM CPU @ 2.00GHz
stepping	: 7
microcode	: 0x14
cpu MHz		: 1080.000
cache size	: 6144 KB
physical id	: 0
siblings	: 8
core id		: 2
cpu cores	: 4
apicid		: 4
initial apicid	: 4
fpu		: yes
fpu_exception	: yes
cpuid level	: 13
wp		: yes
flags		: fpu vme de pse tsc msr pae mce cx8 apic sep mtrr pge mca cmov pat pse36 clflush dts acpi mmx fxsr sse sse2 ss ht tm pbe syscall nx rdtscp lm constant_tsc arch_perfmon pebs bts rep_good nopl xtopology nonstop_tsc aperfmperf eagerfpu pni pclmulqdq dtes64 monitor ds_cpl vmx est tm2 ssse3 cx16 xtpr pdcm pcid sse4_1 sse4_2 x2apic popcnt tsc_deadline_timer xsave avx lahf_lm ida arat epb xsaveopt pln pts dtherm tpr_shadow vnmi flexpriority ept vpid
bogomips	: 3992.53
clflush size	: 64
cache_alignment	: 64
address sizes	: 36 bits physical, 48 bits virtual
power management:

processor	: 3
vendor_id	: GenuineIntel
cpu family	: 6
model		: 42
model name	: Intel(R) Core(TM) i7-2630QM CPU @ 2.00GHz
stepping	: 7
microcode	: 0x14
cpu MHz		: 1100.000
cache size	: 6144 KB
physical id	: 0
siblings	: 8
core id		: 3
cpu cores	: 4
apicid		: 6
initial apicid	: 6
fpu		: yes
fpu_exception	: yes
cpuid level	: 13
wp		: yes
flags		: fpu vme de pse tsc msr pae mce cx8 apic sep mtrr pge mca cmov pat pse36 clflush dts acpi mmx fxsr sse sse2 ss ht tm pbe syscall nx rdtscp lm constant_tsc arch_perfmon pebs bts rep_good nopl xtopology nonstop_tsc aperfmperf eagerfpu pni pclmulqdq dtes64 monitor ds_cpl vmx est tm2 ssse3 cx16 xtpr pdcm pcid sse4_1 sse4_2 x2apic popcnt tsc_deadline_timer xsave avx lahf_lm ida arat epb xsaveopt pln pts dtherm tpr_shadow vnmi flexpriority ept vpid
bogomips	: 3992.53
clflush size	: 64
cache_alignment	: 64
address sizes	: 36 bits physical, 48 bits virtual
power management:

processor	: 4
vendor_id	: GenuineIntel
cpu family	: 6
model		: 42
model name	: Intel(R) Core(TM) i7-2630QM CPU @ 2.00GHz
stepping	: 7
microcode	: 0x14
cpu MHz		: 1100.000
cache size	: 6144 KB
physical id	: 0
siblings	: 8
core id		: 0
cpu cores	: 4
apicid		: 1
initial apicid	: 1
fpu		: yes
fpu_exception	: yes
cpuid level	: 13
wp		: yes
flags		: fpu vme de pse tsc msr pae mce cx8 apic sep mtrr pge mca cmov pat pse36 clflush dts acpi mmx fxsr sse sse2 ss ht tm pbe syscall nx rdtscp lm constant_tsc arch_perfmon pebs bts rep_good nopl xtopology nonstop_tsc aperfmperf eagerfpu pni pclmulqdq dtes64 monitor ds_cpl vmx est tm2 ssse3 cx16 xtpr pdcm pcid sse4_1 sse4_2 x2apic popcnt tsc_deadline_timer xsave avx lahf_lm ida arat epb xsaveopt pln pts dtherm tpr_shadow vnmi flexpriority ept vpid
bogomips	: 3992.53
clflush size	: 64
cache_alignment	: 64
address sizes	: 36 bits physical, 48 bits virtual
power management:

processor	: 5
vendor_id	: GenuineIntel
cpu family	: 6
model		: 42
model name	: Intel(R) Core(TM) i7-2630QM CPU @ 2.00GHz
stepping	: 7
microcode	: 0x14
cpu MHz		: 1100.000
cache size	: 6144 KB
physical id	: 0
siblings	: 8
core id		: 1
cpu cores	: 4
apicid		: 3
initial apicid	: 3
fpu		: yes
fpu_exception	: yes
cpuid level	: 13
wp		: yes
flags		: fpu vme de pse tsc msr pae mce cx8 apic sep mtrr pge mca cmov pat pse36 clflush dts acpi mmx fxsr sse sse2 ss ht tm pbe syscall nx rdtscp lm constant_tsc arch_perfmon pebs bts rep_good nopl xtopology nonstop_tsc aperfmperf eagerfpu pni pclmulqdq dtes64 monitor ds_cpl vmx est tm2 ssse3 cx16 xtpr pdcm pcid sse4_1 sse4_2 x2apic popcnt tsc_deadline_timer xsave avx lahf_lm ida arat epb xsaveopt pln pts dtherm tpr_shadow vnmi flexpriority ept vpid
bogomips	: 3992.53
clflush size	: 64
cache_alignment	: 64
address sizes	: 36 bits physical, 48 bits virtual
power management:

processor	: 6
vendor_id	: GenuineIntel
cpu family	: 6
model		: 42
model name	: Intel(R) Core(TM) i7-2630QM CPU @ 2.00GHz
stepping	: 7
microcode	: 0x14
cpu MHz		: 1080.000
cache size	: 6144 KB
physical id	: 0
siblings	: 8
core id		: 2
cpu cores	: 4
apicid		: 5
initial apicid	: 5
fpu		: yes
fpu_exception	: yes
cpuid level	: 13
wp		: yes
flags		: fpu vme de pse tsc msr pae mce cx8 apic sep mtrr pge mca cmov pat pse36 clflush dts acpi mmx fxsr sse sse2 ss ht tm pbe syscall nx rdtscp lm constant_tsc arch_perfmon pebs bts rep_good nopl xtopology nonstop_tsc aperfmperf eagerfpu pni pclmulqdq dtes64 monitor ds_cpl vmx est tm2 ssse3 cx16 xtpr pdcm pcid sse4_1 sse4_2 x2apic popcnt tsc_deadline_timer xsave avx lahf_lm ida arat epb xsaveopt pln pts dtherm tpr_shadow vnmi flexpriority ept vpid
bogomips	: 3992.53
clflush size	: 64
cache_alignment	: 64
address sizes	: 36 bits physical, 48 bits virtual
power management:

processor	: 7
vendor_id	: GenuineIntel
cpu family	: 6
model		: 42
model name	: Intel(R) Core(TM) i7-2630QM CPU @ 2.00GHz
stepping	: 7
microcode	: 0x14
cpu MHz		: 1100.000
cache size	: 6144 KB
physical id	: 0
siblings	: 8
core id		: 3
cpu cores	: 4
apicid		: 7
initial apicid	: 7
fpu		: yes
fpu_exception	: yes
cpuid level	: 13
wp		: yes
flags		: fpu vme de pse tsc msr pae mce cx8 apic sep mtrr pge mca cmov pat pse36 clflush dts acpi mmx fxsr sse sse2 ss ht tm pbe syscall nx rdtscp lm constant_tsc arch_perfmon pebs bts rep_good nopl xtopology nonstop_tsc aperfmperf eagerfpu pni pclmulqdq dtes64 monitor ds_cpl vmx est tm2 ssse3 cx16 xtpr pdcm pcid sse4_1 sse4_2 x2apic popcnt tsc_deadline_timer xsave avx lahf_lm ida arat epb xsaveopt pln pts dtherm tpr_shadow vnmi flexpriority ept vpid
bogomips	: 3992.53
clflush size	: 64
cache_alignment	: 64
address sizes	: 36 bits physical, 48 bits virtual
power management:



Memory: 4k page, physical 6092604k(125172k free), swap 0k(0k free)

vm_info: OpenJDK 64-Bit Server VM (24.0-b56) for linux-amd64 JRE (1.7.0_40-b60), built on Sep 23 2013 19:51:37 by "nobody" with gcc 4.8.1 20130725 (prerelease)

time: Wed Oct 23 12:27:32 2013
elapsed time: 7 seconds

