#
# There is insufficient memory for the Java Runtime Environment to continue.
# Native memory allocation (malloc) failed to allocate 171966464 bytes for committing reserved memory.
# Possible reasons:
#   The system is out of physical RAM or swap space
#   In 32 bit mode, the process size limit was hit
# Possible solutions:
#   Reduce memory load on the system
#   Increase physical memory or swap space
#   Check if swap backing store is full
#   Use 64 bit Java on a 64 bit OS
#   Decrease Java heap size (-Xmx/-Xms)
#   Decrease number of Java threads
#   Decrease Java thread stack sizes (-Xss)
#   Set larger code cache with -XX:ReservedCodeCacheSize=
# This output file may be truncated or incomplete.
#
#  Out of Memory Error (os_linux.cpp:2761), pid=3674, tid=140682693613312
#
# JRE version: OpenJDK Runtime Environment (7.0_40-b60) (build 1.7.0_40-b60)
# Java VM: OpenJDK 64-Bit Server VM (24.0-b56 mixed mode linux-amd64 compressed oops)
# Failed to write core dump. Core dumps have been disabled. To enable core dumping, try "ulimit -c unlimited" before starting Java again
#

---------------  T H R E A D  ---------------

Current thread (0x00007ff334008800):  JavaThread "main" [_thread_in_vm, id=3675, stack(0x00007ff33dea9000,0x00007ff33dfaa000)]

Stack: [0x00007ff33dea9000,0x00007ff33dfaa000],  sp=0x00007ff33dfa83b0,  free space=1020k
Native frames: (J=compiled Java code, j=interpreted, Vv=VM code, C=native code)
V  [libjvm.so+0x929e35]  JVM_handle_linux_signal+0x177695
V  [libjvm.so+0x47a554]  dlerror+0x47a554
V  [libjvm.so+0x7acbb3]  JVM_FindSignal+0x18c823
V  [libjvm.so+0x7a757f]  JVM_FindSignal+0x1871ef
V  [libjvm.so+0x81784b]  JVM_handle_linux_signal+0x650ab
V  [libjvm.so+0x80761b]  JVM_handle_linux_signal+0x54e7b
V  [libjvm.so+0x8077db]  JVM_handle_linux_signal+0x5503b
V  [libjvm.so+0x8080b8]  JVM_handle_linux_signal+0x55918
V  [libjvm.so+0x7cb877]  JVM_handle_linux_signal+0x190d7
V  [libjvm.so+0x596eb5]  AsyncGetCallTrace+0x9ef65
V  [libjvm.so+0x5c5b3e]  AsyncGetCallTrace+0xcdbee
j  java.util.Arrays.copyOf([Ljava/lang/Object;ILjava/lang/Class;)[Ljava/lang/Object;+8
j  java.util.Arrays.copyOf([Ljava/lang/Object;I)[Ljava/lang/Object;+6
j  java.util.ArrayList.grow(I)V+38

Java frames: (J=compiled Java code, j=interpreted, Vv=VM code)
j  java.util.Arrays.copyOf([Ljava/lang/Object;ILjava/lang/Class;)[Ljava/lang/Object;+8
j  java.util.Arrays.copyOf([Ljava/lang/Object;I)[Ljava/lang/Object;+6
j  java.util.ArrayList.grow(I)V+38
J  assign5Package.ArrayListWithIterators.append(I)V
j  assign5Package.IteratorTester.main([Ljava/lang/String;)V+69
v  ~StubRoutines::call_stub

---------------  P R O C E S S  ---------------

Java Threads: ( => current thread )
  0x00007ff3340ad000 JavaThread "Service Thread" daemon [_thread_blocked, id=3700, stack(0x00007ff3214c7000,0x00007ff3215c8000)]
  0x00007ff3340ab000 JavaThread "C2 CompilerThread1" daemon [_thread_blocked, id=3699, stack(0x00007ff3215c8000,0x00007ff3216c9000)]
  0x00007ff3340a8000 JavaThread "C2 CompilerThread0" daemon [_thread_blocked, id=3698, stack(0x00007ff3216c9000,0x00007ff3217ca000)]
  0x00007ff3340a6000 JavaThread "Signal Dispatcher" daemon [_thread_blocked, id=3697, stack(0x00007ff3217ca000,0x00007ff3218cb000)]
  0x00007ff334082800 JavaThread "Finalizer" daemon [_thread_blocked, id=3696, stack(0x00007ff321a90000,0x00007ff321b91000)]
  0x00007ff334080800 JavaThread "Reference Handler" daemon [_thread_blocked, id=3695, stack(0x00007ff321b91000,0x00007ff321c92000)]
=>0x00007ff334008800 JavaThread "main" [_thread_in_vm, id=3675, stack(0x00007ff33dea9000,0x00007ff33dfaa000)]

Other Threads:
  0x00007ff33407c000 VMThread [stack: 0x00007ff321c92000,0x00007ff321d93000] [id=3694]
  0x00007ff3340b7800 WatcherThread [stack: 0x00007ff3213c6000,0x00007ff3214c7000] [id=3701]

VM state:synchronizing (normal execution)

VM Mutex/Monitor currently owned by a thread:  ([mutex/lock_event])
[0x00007ff334005c30] ExpandHeap_lock - owner thread: 0x00007ff334008800
[0x00007ff3340062b0] Threads_lock - owner thread: 0x00007ff33407c000
[0x00007ff3340067b0] Heap_lock - owner thread: 0x00007ff334008800

Heap
 PSYoungGen      total 28160K, used 11189K [0x00000000e1000000, 0x00000000e4700000, 0x0000000100000000)
  eden space 24576K, 43% used [0x00000000e1000000,0x00000000e1a8d638,0x00000000e2800000)
  from space 3584K, 10% used [0x00000000e2800000,0x00000000e2860000,0x00000000e2b80000)
  to   space 3584K, 0% used [0x00000000e4380000,0x00000000e4380000,0x00000000e4700000)
 ParOldGen       total 333824K, used 312727K [0x00000000a3000000, 0x00000000b7600000, 0x00000000e1000000)
  object space 333824K, 93% used [0x00000000a3000000,0x00000000b6165d20,0x00000000b7600000)
 PSPermGen       total 21504K, used 2777K [0x0000000098a00000, 0x0000000099f00000, 0x00000000a3000000)
  object space 21504K, 12% used [0x0000000098a00000,0x0000000098cb65e0,0x0000000099f00000)

Card table byte_map: [0x00007ff333cc4000,0x00007ff334000000] byte_map_base: 0x00007ff3337ff000

Polling page: 0x00007ff33dfc2000

Code Cache  [0x00007ff338165000, 0x00007ff3383d5000, 0x00007ff33b165000)
 total_blobs=192 nmethods=11 adapters=135 free_code_cache=48759Kb largest_free_block=49908544

Compilation events (10 events):
Event: 0.718 Thread 0x00007ff3340a8000 nmethod 7 0x00007ff3381c51d0 code [0x00007ff3381c5320, 0x00007ff3381c5428]
Event: 0.718 Thread 0x00007ff3340a8000    8             java.util.ArrayList::add (54 bytes)
Event: 0.722 Thread 0x00007ff3340ab000 nmethod 6 0x00007ff3381c4f10 code [0x00007ff3381c5060, 0x00007ff3381c5108]
Event: 0.722 Thread 0x00007ff3340ab000    9             java.util.ArrayList::rangeCheckForAdd (26 bytes)
Event: 0.723 Thread 0x00007ff3340ab000 nmethod 9 0x00007ff3381c4cd0 code [0x00007ff3381c4e00, 0x00007ff3381c4e78]
Event: 0.723 Thread 0x00007ff3340ab000   10             java.lang.Integer::intValue (5 bytes)
Event: 0.723 Thread 0x00007ff3340ab000 nmethod 10 0x00007ff3381c4ad0 code [0x00007ff3381c4c00, 0x00007ff3381c4c58]
Event: 0.724 Thread 0x00007ff3340a8000 nmethod 8 0x00007ff3381c8810 code [0x00007ff3381c8980, 0x00007ff3381c8c08]
Event: 0.729 Thread 0x00007ff3340ab000   11 %           assign5Package.ArrayListWithIterators::append @ 88 (140 bytes)
Event: 0.757 Thread 0x00007ff3340ab000 nmethod 11% 0x00007ff3381c7ad0 code [0x00007ff3381c7c80, 0x00007ff3381c8258]

GC Heap History (2 events):
Event: 1.042 GC heap before
{Heap before GC invocations=1 (full 0):
 PSYoungGen      total 28160K, used 20035K [0x00000000e1000000, 0x00000000e2f00000, 0x0000000100000000)
  eden space 24576K, 81% used [0x00000000e1000000,0x00000000e2390e28,0x00000000e2800000)
  from space 3584K, 0% used [0x00000000e2b80000,0x00000000e2b80000,0x00000000e2f00000)
  to   space 3584K, 0% used [0x00000000e2800000,0x00000000e2800000,0x00000000e2b80000)
 ParOldGen       total 63488K, used 0K [0x00000000a3000000, 0x00000000a6e00000, 0x00000000e1000000)
  object space 63488K, 0% used [0x00000000a3000000,0x00000000a3000000,0x00000000a6e00000)
 PSPermGen       total 21504K, used 2774K [0x0000000098a00000, 0x0000000099f00000, 0x00000000a3000000)
  object space 21504K, 12% used [0x0000000098a00000,0x0000000098cb59a0,0x0000000099f00000)
Event: 1.134 GC heap after
Heap after GC invocations=1 (full 0):
 PSYoungGen      total 28160K, used 384K [0x00000000e1000000, 0x00000000e4700000, 0x0000000100000000)
  eden space 24576K, 0% used [0x00000000e1000000,0x00000000e1000000,0x00000000e2800000)
  from space 3584K, 10% used [0x00000000e2800000,0x00000000e2860000,0x00000000e2b80000)
  to   space 3584K, 0% used [0x00000000e4380000,0x00000000e4380000,0x00000000e4700000)
 ParOldGen       total 63488K, used 6548K [0x00000000a3000000, 0x00000000a6e00000, 0x00000000e1000000)
  object space 63488K, 10% used [0x00000000a3000000,0x00000000a36650d8,0x00000000a6e00000)
 PSPermGen       total 21504K, used 2774K [0x0000000098a00000, 0x0000000099f00000, 0x00000000a3000000)
  object space 21504K, 12% used [0x0000000098a00000,0x0000000098cb59a0,0x0000000099f00000)
}

Deoptimization events (0 events):
No events

Internal exceptions (7 events):
Event: 0.420 Thread 0x00007ff334008800 Threw 0x00000000e1010268 at /build/java7-openjdk/src/icedtea-2.4.2/openjdk/hotspot/src/share/vm/prims/jni.cpp:3991
Event: 0.634 Thread 0x00007ff334008800 Threw 0x00000000e104a7e8 at /build/java7-openjdk/src/icedtea-2.4.2/openjdk/hotspot/src/share/vm/prims/jvm.cpp:1244
Event: 0.644 Thread 0x00007ff334008800 Threw 0x00000000e1050a28 at /build/java7-openjdk/src/icedtea-2.4.2/openjdk/hotspot/src/share/vm/prims/jvm.cpp:1244
Event: 0.654 Thread 0x00007ff334008800 Threw 0x00000000e10525e0 at /build/java7-openjdk/src/icedtea-2.4.2/openjdk/hotspot/src/share/vm/prims/jvm.cpp:1244
Event: 0.661 Thread 0x00007ff334008800 Threw 0x00000000e1055060 at /build/java7-openjdk/src/icedtea-2.4.2/openjdk/hotspot/src/share/vm/prims/jvm.cpp:1244
Event: 0.668 Thread 0x00007ff334008800 Threw 0x00000000e1056d98 at /build/java7-openjdk/src/icedtea-2.4.2/openjdk/hotspot/src/share/vm/prims/jvm.cpp:1244
Event: 0.677 Thread 0x00007ff334008800 Threw 0x00000000e10587f0 at /build/java7-openjdk/src/icedtea-2.4.2/openjdk/hotspot/src/share/vm/prims/jvm.cpp:1244

Events (10 events):
Event: 0.668 loading class 0x00007ff3340dc940 done
Event: 0.677 loading class 0x00007ff3340dc3f0
Event: 0.677 loading class 0x00007ff3340dc3f0 done
Event: 0.686 loading class 0x00007ff323c423e0
Event: 0.686 loading class 0x00007ff323c423e0 done
Event: 1.042 Executing VM operation: ParallelGCFailedAllocation
Event: 1.134 Executing VM operation: ParallelGCFailedAllocation done
Event: 1.135 loading class 0x00007ff323c6ef00
Event: 1.136 loading class 0x00007ff323c6ef00 done
Event: 5.256 Executing VM operation: EnableBiasedLocking


Dynamic libraries:
00400000-00401000 r-xp 00000000 08:03 1186119                            /usr/lib/jvm/java-7-openjdk/jre/bin/java
00600000-00601000 rw-p 00000000 08:03 1186119                            /usr/lib/jvm/java-7-openjdk/jre/bin/java
013fa000-0141b000 rw-p 00000000 00:00 0                                  [heap]
98a00000-99f00000 rw-p 00000000 00:00 0 
99f00000-a3000000 rw-p 00000000 00:00 0 
a3000000-b7600000 rw-p 00000000 00:00 0 
c1a00000-e1000000 rw-p 00000000 00:00 0 
e1000000-e4700000 rw-p 00000000 00:00 0 
e4700000-100000000 rw-p 00000000 00:00 0 
7ff2dc000000-7ff2dc021000 rw-p 00000000 00:00 0 
7ff2dc021000-7ff2e0000000 ---p 00000000 00:00 0 
7ff2e0000000-7ff2e0021000 rw-p 00000000 00:00 0 
7ff2e0021000-7ff2e4000000 ---p 00000000 00:00 0 
7ff2e4000000-7ff2e404d000 rw-p 00000000 00:00 0 
7ff2e404d000-7ff2e8000000 ---p 00000000 00:00 0 
7ff2e8000000-7ff2e80ac000 rw-p 00000000 00:00 0 
7ff2e80ac000-7ff2ec000000 ---p 00000000 00:00 0 
7ff2ec000000-7ff2ec021000 rw-p 00000000 00:00 0 
7ff2ec021000-7ff2f0000000 ---p 00000000 00:00 0 
7ff2f0000000-7ff2f0021000 rw-p 00000000 00:00 0 
7ff2f0021000-7ff2f4000000 ---p 00000000 00:00 0 
7ff2f4000000-7ff2f4021000 rw-p 00000000 00:00 0 
7ff2f4021000-7ff2f8000000 ---p 00000000 00:00 0 
7ff2f8000000-7ff2f8021000 rw-p 00000000 00:00 0 
7ff2f8021000-7ff2fc000000 ---p 00000000 00:00 0 
7ff2fc000000-7ff2fc021000 rw-p 00000000 00:00 0 
7ff2fc021000-7ff300000000 ---p 00000000 00:00 0 
7ff304000000-7ff304021000 rw-p 00000000 00:00 0 
7ff304021000-7ff308000000 ---p 00000000 00:00 0 
7ff30c000000-7ff30c021000 rw-p 00000000 00:00 0 
7ff30c021000-7ff310000000 ---p 00000000 00:00 0 
7ff314000000-7ff314021000 rw-p 00000000 00:00 0 
7ff314021000-7ff318000000 ---p 00000000 00:00 0 
7ff31c000000-7ff31c021000 rw-p 00000000 00:00 0 
7ff31c021000-7ff320000000 ---p 00000000 00:00 0 
7ff3213c6000-7ff3213c7000 ---p 00000000 00:00 0 
7ff3213c7000-7ff3214c7000 rw-p 00000000 00:00 0                          [stack:3701]
7ff3214c7000-7ff3214ca000 ---p 00000000 00:00 0 
7ff3214ca000-7ff3215c8000 rw-p 00000000 00:00 0                          [stack:3700]
7ff3215c8000-7ff3215cb000 ---p 00000000 00:00 0 
7ff3215cb000-7ff3216c9000 rw-p 00000000 00:00 0                          [stack:3699]
7ff3216c9000-7ff3216cc000 ---p 00000000 00:00 0 
7ff3216cc000-7ff3217ca000 rw-p 00000000 00:00 0                          [stack:3698]
7ff3217ca000-7ff3217cd000 ---p 00000000 00:00 0 
7ff3217cd000-7ff3218cb000 rw-p 00000000 00:00 0                          [stack:3697]
7ff3218cb000-7ff321a90000 r--p 00000000 08:03 149119                     /usr/lib/locale/locale-archive
7ff321a90000-7ff321a93000 ---p 00000000 00:00 0 
7ff321a93000-7ff321b91000 rw-p 00000000 00:00 0                          [stack:3696]
7ff321b91000-7ff321b94000 ---p 00000000 00:00 0 
7ff321b94000-7ff321c92000 rw-p 00000000 00:00 0                          [stack:3695]
7ff321c92000-7ff321c93000 ---p 00000000 00:00 0 
7ff321c93000-7ff323a1f000 rw-p 00000000 00:00 0                          [stack:3694]
7ff323a1f000-7ff323bcc000 r--s 01ce2000 08:03 1186066                    /usr/lib/jvm/java-7-openjdk/jre/lib/rt.jar
7ff323bcc000-7ff324000000 rw-p 00000000 00:00 0 
7ff324000000-7ff324021000 rw-p 00000000 00:00 0 
7ff324021000-7ff328000000 ---p 00000000 00:00 0 
7ff328000000-7ff328021000 rw-p 00000000 00:00 0 
7ff328021000-7ff32c000000 ---p 00000000 00:00 0 
7ff32c000000-7ff32c021000 rw-p 00000000 00:00 0 
7ff32c021000-7ff330000000 ---p 00000000 00:00 0 
7ff33001d000-7ff3333cd000 rw-p 00000000 00:00 0 
7ff3333cd000-7ff3333ce000 ---p 00000000 00:00 0 
7ff3333ce000-7ff3334ce000 rw-p 00000000 00:00 0                          [stack:3691]
7ff3334ce000-7ff3334cf000 ---p 00000000 00:00 0 
7ff3334cf000-7ff3335cf000 rw-p 00000000 00:00 0                          [stack:3690]
7ff3335cf000-7ff3335d0000 ---p 00000000 00:00 0 
7ff3335d0000-7ff3336d0000 rw-p 00000000 00:00 0                          [stack:3688]
7ff3336d0000-7ff3336d1000 ---p 00000000 00:00 0 
7ff3336d1000-7ff3337d1000 rw-p 00000000 00:00 0                          [stack:3687]
7ff3337d1000-7ff3337d2000 ---p 00000000 00:00 0 
7ff3337d2000-7ff3338d2000 rw-p 00000000 00:00 0                          [stack:3685]
7ff3338d2000-7ff3338d3000 ---p 00000000 00:00 0 
7ff3338d3000-7ff3339d3000 rw-p 00000000 00:00 0                          [stack:3683]
7ff3339d3000-7ff3339d4000 ---p 00000000 00:00 0 
7ff3339d4000-7ff333b77000 rw-p 00000000 00:00 0                          [stack:3682]
7ff333b77000-7ff333cc4000 rw-p 00000000 00:00 0 
7ff333cc4000-7ff333ccf000 rw-p 00000000 00:00 0 
7ff333ccf000-7ff333d17000 rw-p 00000000 00:00 0 
7ff333d17000-7ff333dba000 rw-p 00000000 00:00 0 
7ff333dba000-7ff333f07000 rw-p 00000000 00:00 0 
7ff333f07000-7ff333f23000 rw-p 00000000 00:00 0 
7ff333f23000-7ff333fff000 rw-p 00000000 00:00 0 
7ff333fff000-7ff334000000 rw-p 00000000 00:00 0 
7ff334000000-7ff3340e7000 rw-p 00000000 00:00 0 
7ff3340e7000-7ff338000000 ---p 00000000 00:00 0 
7ff338011000-7ff338012000 ---p 00000000 00:00 0 
7ff338012000-7ff33811d000 rw-p 00000000 00:00 0                          [stack:3680]
7ff33811d000-7ff338165000 rw-p 00000000 00:00 0 
7ff338165000-7ff3383d5000 rwxp 00000000 00:00 0 
7ff3383d5000-7ff33b165000 rw-p 00000000 00:00 0 
7ff33b165000-7ff33b16d000 r-xp 00000000 08:03 1186089                    /usr/lib/jvm/java-7-openjdk/jre/lib/amd64/libzip.so
7ff33b16d000-7ff33b36c000 ---p 00008000 08:03 1186089                    /usr/lib/jvm/java-7-openjdk/jre/lib/amd64/libzip.so
7ff33b36c000-7ff33b36d000 rw-p 00007000 08:03 1186089                    /usr/lib/jvm/java-7-openjdk/jre/lib/amd64/libzip.so
7ff33b36d000-7ff33b378000 r-xp 00000000 08:03 134316                     /usr/lib/libnss_files-2.18.so
7ff33b378000-7ff33b578000 ---p 0000b000 08:03 134316                     /usr/lib/libnss_files-2.18.so
7ff33b578000-7ff33b579000 r--p 0000b000 08:03 134316                     /usr/lib/libnss_files-2.18.so
7ff33b579000-7ff33b57a000 rw-p 0000c000 08:03 134316                     /usr/lib/libnss_files-2.18.so
7ff33b57a000-7ff33b5a5000 r-xp 00000000 08:03 1186088                    /usr/lib/jvm/java-7-openjdk/jre/lib/amd64/libjava.so
7ff33b5a5000-7ff33b7a5000 ---p 0002b000 08:03 1186088                    /usr/lib/jvm/java-7-openjdk/jre/lib/amd64/libjava.so
7ff33b7a5000-7ff33b7a7000 rw-p 0002b000 08:03 1186088                    /usr/lib/jvm/java-7-openjdk/jre/lib/amd64/libjava.so
7ff33b7a7000-7ff33b7b4000 r-xp 00000000 08:03 1186087                    /usr/lib/jvm/java-7-openjdk/jre/lib/amd64/libverify.so
7ff33b7b4000-7ff33b9b3000 ---p 0000d000 08:03 1186087                    /usr/lib/jvm/java-7-openjdk/jre/lib/amd64/libverify.so
7ff33b9b3000-7ff33b9b5000 rw-p 0000c000 08:03 1186087                    /usr/lib/jvm/java-7-openjdk/jre/lib/amd64/libverify.so
7ff33b9b5000-7ff33b9bc000 r-xp 00000000 08:03 134385                     /usr/lib/librt-2.18.so
7ff33b9bc000-7ff33bbbb000 ---p 00007000 08:03 134385                     /usr/lib/librt-2.18.so
7ff33bbbb000-7ff33bbbc000 r--p 00006000 08:03 134385                     /usr/lib/librt-2.18.so
7ff33bbbc000-7ff33bbbd000 rw-p 00007000 08:03 134385                     /usr/lib/librt-2.18.so
7ff33bbbd000-7ff33bbd2000 r-xp 00000000 08:03 137385                     /usr/lib/libgcc_s.so.1
7ff33bbd2000-7ff33bdd2000 ---p 00015000 08:03 137385                     /usr/lib/libgcc_s.so.1
7ff33bdd2000-7ff33bdd3000 rw-p 00015000 08:03 137385                     /usr/lib/libgcc_s.so.1
7ff33bdd3000-7ff33bed5000 r-xp 00000000 08:03 134353                     /usr/lib/libm-2.18.so
7ff33bed5000-7ff33c0d4000 ---p 00102000 08:03 134353                     /usr/lib/libm-2.18.so
7ff33c0d4000-7ff33c0d5000 r--p 00101000 08:03 134353                     /usr/lib/libm-2.18.so
7ff33c0d5000-7ff33c0d6000 rw-p 00102000 08:03 134353                     /usr/lib/libm-2.18.so
7ff33c0d6000-7ff33c1bc000 r-xp 00000000 08:03 137381                     /usr/lib/libstdc++.so.6.0.18
7ff33c1bc000-7ff33c3bb000 ---p 000e6000 08:03 137381                     /usr/lib/libstdc++.so.6.0.18
7ff33c3bb000-7ff33c3c3000 r--p 000e5000 08:03 137381                     /usr/lib/libstdc++.so.6.0.18
7ff33c3c3000-7ff33c3c5000 rw-p 000ed000 08:03 137381                     /usr/lib/libstdc++.so.6.0.18
7ff33c3c5000-7ff33c3da000 rw-p 00000000 00:00 0 
7ff33c3da000-7ff33cecd000 r-xp 00000000 08:03 1186118                    /usr/lib/jvm/java-7-openjdk/jre/lib/amd64/server/libjvm.so
7ff33cecd000-7ff33d0cd000 ---p 00af3000 08:03 1186118                    /usr/lib/jvm/java-7-openjdk/jre/lib/amd64/server/libjvm.so
7ff33d0cd000-7ff33d188000 rw-p 00af3000 08:03 1186118                    /usr/lib/jvm/java-7-openjdk/jre/lib/amd64/server/libjvm.so
7ff33d188000-7ff33d1b5000 rw-p 00000000 00:00 0 
7ff33d1b5000-7ff33d1ca000 r-xp 00000000 08:03 137429                     /usr/lib/libz.so.1.2.8
7ff33d1ca000-7ff33d3c9000 ---p 00015000 08:03 137429                     /usr/lib/libz.so.1.2.8
7ff33d3c9000-7ff33d3ca000 r--p 00014000 08:03 137429                     /usr/lib/libz.so.1.2.8
7ff33d3ca000-7ff33d3cb000 rw-p 00015000 08:03 137429                     /usr/lib/libz.so.1.2.8
7ff33d3cb000-7ff33d56d000 r-xp 00000000 08:03 134354                     /usr/lib/libc-2.18.so
7ff33d56d000-7ff33d76c000 ---p 001a2000 08:03 134354                     /usr/lib/libc-2.18.so
7ff33d76c000-7ff33d770000 r--p 001a1000 08:03 134354                     /usr/lib/libc-2.18.so
7ff33d770000-7ff33d772000 rw-p 001a5000 08:03 134354                     /usr/lib/libc-2.18.so
7ff33d772000-7ff33d776000 rw-p 00000000 00:00 0 
7ff33d776000-7ff33d779000 r-xp 00000000 08:03 134386                     /usr/lib/libdl-2.18.so
7ff33d779000-7ff33d978000 ---p 00003000 08:03 134386                     /usr/lib/libdl-2.18.so
7ff33d978000-7ff33d979000 r--p 00002000 08:03 134386                     /usr/lib/libdl-2.18.so
7ff33d979000-7ff33d97a000 rw-p 00003000 08:03 134386                     /usr/lib/libdl-2.18.so
7ff33d97a000-7ff33d987000 r-xp 00000000 08:03 1314790                    /usr/lib/jvm/java-7-openjdk/jre/lib/amd64/jli/libjli.so
7ff33d987000-7ff33db86000 ---p 0000d000 08:03 1314790                    /usr/lib/jvm/java-7-openjdk/jre/lib/amd64/jli/libjli.so
7ff33db86000-7ff33db87000 rw-p 0000c000 08:03 1314790                    /usr/lib/jvm/java-7-openjdk/jre/lib/amd64/jli/libjli.so
7ff33db87000-7ff33db9f000 r-xp 00000000 08:03 134320                     /usr/lib/libpthread-2.18.so
7ff33db9f000-7ff33dd9f000 ---p 00018000 08:03 134320                     /usr/lib/libpthread-2.18.so
7ff33dd9f000-7ff33dda0000 r--p 00018000 08:03 134320                     /usr/lib/libpthread-2.18.so
7ff33dda0000-7ff33dda1000 rw-p 00019000 08:03 134320                     /usr/lib/libpthread-2.18.so
7ff33dda1000-7ff33dda5000 rw-p 00000000 00:00 0 
7ff33dda5000-7ff33ddc5000 r-xp 00000000 08:03 134341                     /usr/lib/ld-2.18.so
7ff33ddc8000-7ff33ddf3000 rw-p 00000000 00:00 0 
7ff33ddf3000-7ff33dea9000 rw-p 00000000 00:00 0 
7ff33dea9000-7ff33deac000 ---p 00000000 00:00 0 
7ff33deac000-7ff33dfae000 rw-p 00000000 00:00 0                          [stack:3675]
7ff33dfb5000-7ff33dfb6000 rw-p 00000000 00:00 0 
7ff33dfb6000-7ff33dfb9000 r--s 0000f000 08:03 1314788                    /usr/lib/jvm/java-7-openjdk/jre/lib/ext/pulse-java.jar
7ff33dfb9000-7ff33dfc1000 rw-s 00000000 00:1e 3963164                    /tmp/hsperfdata_stephen/3674
7ff33dfc1000-7ff33dfc2000 rw-p 00000000 00:00 0 
7ff33dfc2000-7ff33dfc3000 ---p 00000000 00:00 0 
7ff33dfc3000-7ff33dfc4000 rw-p 00000000 00:00 0 
7ff33dfc4000-7ff33dfc5000 r--p 0001f000 08:03 134341                     /usr/lib/ld-2.18.so
7ff33dfc5000-7ff33dfc6000 rw-p 00020000 08:03 134341                     /usr/lib/ld-2.18.so
7ff33dfc6000-7ff33dfc7000 rw-p 00000000 00:00 0 
7fffb4b3d000-7fffb4b5e000 rw-p 00000000 00:00 0                          [stack]
7fffb4bc3000-7fffb4bc5000 r-xp 00000000 00:00 0                          [vdso]
ffffffffff600000-ffffffffff601000 r-xp 00000000 00:00 0                  [vsyscall]

VM Arguments:
jvm_args: -Dfile.encoding=UTF-8 
java_command: assign5Package.IteratorTester
Launcher Type: SUN_STANDARD

Environment Variables:
JAVA_HOME=/usr/lib/jvm/java-7-openjdk
PATH=/usr/local/sbin:/usr/local/bin:/usr/bin:/usr/bin/vendor_perl:/usr/bin/core_perl
SHELL=/bin/bash
DISPLAY=:0

Signal Handlers:
SIGSEGV: [libjvm.so+0x92a920], sa_mask[0]=0x7ffbfeff, sa_flags=0x10000004
SIGBUS: [libjvm.so+0x92a920], sa_mask[0]=0x7ffbfeff, sa_flags=0x10000004
SIGFPE: [libjvm.so+0x7a82c0], sa_mask[0]=0x7ffbfeff, sa_flags=0x10000004
SIGPIPE: [libjvm.so+0x7a82c0], sa_mask[0]=0x7ffbfeff, sa_flags=0x10000004
SIGXFSZ: [libjvm.so+0x7a82c0], sa_mask[0]=0x7ffbfeff, sa_flags=0x10000004
SIGILL: [libjvm.so+0x7a82c0], sa_mask[0]=0x7ffbfeff, sa_flags=0x10000004
SIGUSR1: SIG_DFL, sa_mask[0]=0x00000000, sa_flags=0x00000000
SIGUSR2: [libjvm.so+0x7a8160], sa_mask[0]=0x00000004, sa_flags=0x10000004
SIGHUP: [libjvm.so+0x7a8340], sa_mask[0]=0x7ffbfeff, sa_flags=0x10000004
SIGINT: [libjvm.so+0x7a8340], sa_mask[0]=0x7ffbfeff, sa_flags=0x10000004
SIGTERM: [libjvm.so+0x7a8340], sa_mask[0]=0x7ffbfeff, sa_flags=0x10000004
SIGQUIT: [libjvm.so+0x7a8340], sa_mask[0]=0x7ffbfeff, sa_flags=0x10000004


---------------  S Y S T E M  ---------------

OS:Linux
uname:Linux 3.11.4-1-ARCH #1 SMP PREEMPT Sat Oct 5 21:22:51 CEST 2013 x86_64
libc:glibc 2.18 NPTL 2.18 
rlimit: STACK 8192k, CORE 0k, NPROC 47554, NOFILE 4096, AS infinity
load average:4.32 1.73 1.04

/proc/meminfo:
MemTotal:        6092604 kB
MemFree:         1006124 kB
Buffers:             772 kB
Cached:            39820 kB
SwapCached:            0 kB
Active:          4887976 kB
Inactive:          38940 kB
Active(anon):    4887848 kB
Inactive(anon):    12228 kB
Active(file):        128 kB
Inactive(file):    26712 kB
Unevictable:           0 kB
Mlocked:               0 kB
SwapTotal:             0 kB
SwapFree:              0 kB
Dirty:                12 kB
Writeback:             0 kB
AnonPages:       4886588 kB
Mapped:            17404 kB
Shmem:             13488 kB
Slab:              41936 kB
SReclaimable:      18560 kB
SUnreclaim:        23376 kB
KernelStack:        4360 kB
PageTables:        18696 kB
NFS_Unstable:          0 kB
Bounce:                0 kB
WritebackTmp:          0 kB
CommitLimit:     3046300 kB
Committed_AS:    7183544 kB
VmallocTotal:   34359738367 kB
VmallocUsed:      216688 kB
VmallocChunk:   34359495163 kB
HardwareCorrupted:     0 kB
AnonHugePages:   3768320 kB
HugePages_Total:       0
HugePages_Free:        0
HugePages_Rsvd:        0
HugePages_Surp:        0
Hugepagesize:       2048 kB
DirectMap4k:       11824 kB
DirectMap2M:     6256640 kB


CPU:total 8 (4 cores per cpu, 2 threads per core) family 6 model 42 stepping 7, cmov, cx8, fxsr, mmx, sse, sse2, sse3, ssse3, sse4.1, sse4.2, popcnt, avx, ht, tsc, tscinvbit

/proc/cpuinfo:
processor	: 0
vendor_id	: GenuineIntel
cpu family	: 6
model		: 42
model name	: Intel(R) Core(TM) i7-2630QM CPU @ 2.00GHz
stepping	: 7
microcode	: 0x14
cpu MHz		: 1700.000
cache size	: 6144 KB
physical id	: 0
siblings	: 8
core id		: 0
cpu cores	: 4
apicid		: 0
initial apicid	: 0
fpu		: yes
fpu_exception	: yes
cpuid level	: 13
wp		: yes
flags		: fpu vme de pse tsc msr pae mce cx8 apic sep mtrr pge mca cmov pat pse36 clflush dts acpi mmx fxsr sse sse2 ss ht tm pbe syscall nx rdtscp lm constant_tsc arch_perfmon pebs bts rep_good nopl xtopology nonstop_tsc aperfmperf eagerfpu pni pclmulqdq dtes64 monitor ds_cpl vmx est tm2 ssse3 cx16 xtpr pdcm pcid sse4_1 sse4_2 x2apic popcnt tsc_deadline_timer xsave avx lahf_lm ida arat epb xsaveopt pln pts dtherm tpr_shadow vnmi flexpriority ept vpid
bogomips	: 3992.53
clflush size	: 64
cache_alignment	: 64
address sizes	: 36 bits physical, 48 bits virtual
power management:

processor	: 1
vendor_id	: GenuineIntel
cpu family	: 6
model		: 42
model name	: Intel(R) Core(TM) i7-2630QM CPU @ 2.00GHz
stepping	: 7
microcode	: 0x14
cpu MHz		: 1680.000
cache size	: 6144 KB
physical id	: 0
siblings	: 8
core id		: 1
cpu cores	: 4
apicid		: 2
initial apicid	: 2
fpu		: yes
fpu_exception	: yes
cpuid level	: 13
wp		: yes
flags		: fpu vme de pse tsc msr pae mce cx8 apic sep mtrr pge mca cmov pat pse36 clflush dts acpi mmx fxsr sse sse2 ss ht tm pbe syscall nx rdtscp lm constant_tsc arch_perfmon pebs bts rep_good nopl xtopology nonstop_tsc aperfmperf eagerfpu pni pclmulqdq dtes64 monitor ds_cpl vmx est tm2 ssse3 cx16 xtpr pdcm pcid sse4_1 sse4_2 x2apic popcnt tsc_deadline_timer xsave avx lahf_lm ida arat epb xsaveopt pln pts dtherm tpr_shadow vnmi flexpriority ept vpid
bogomips	: 3992.53
clflush size	: 64
cache_alignment	: 64
address sizes	: 36 bits physical, 48 bits virtual
power management:

processor	: 2
vendor_id	: GenuineIntel
cpu family	: 6
model		: 42
model name	: Intel(R) Core(TM) i7-2630QM CPU @ 2.00GHz
stepping	: 7
microcode	: 0x14
cpu MHz		: 1680.000
cache size	: 6144 KB
physical id	: 0
siblings	: 8
core id		: 2
cpu cores	: 4
apicid		: 4
initial apicid	: 4
fpu		: yes
fpu_exception	: yes
cpuid level	: 13
wp		: yes
flags		: fpu vme de pse tsc msr pae mce cx8 apic sep mtrr pge mca cmov pat pse36 clflush dts acpi mmx fxsr sse sse2 ss ht tm pbe syscall nx rdtscp lm constant_tsc arch_perfmon pebs bts rep_good nopl xtopology nonstop_tsc aperfmperf eagerfpu pni pclmulqdq dtes64 monitor ds_cpl vmx est tm2 ssse3 cx16 xtpr pdcm pcid sse4_1 sse4_2 x2apic popcnt tsc_deadline_timer xsave avx lahf_lm ida arat epb xsaveopt pln pts dtherm tpr_shadow vnmi flexpriority ept vpid
bogomips	: 3992.53
clflush size	: 64
cache_alignment	: 64
address sizes	: 36 bits physical, 48 bits virtual
power management:

processor	: 3
vendor_id	: GenuineIntel
cpu family	: 6
model		: 42
model name	: Intel(R) Core(TM) i7-2630QM CPU @ 2.00GHz
stepping	: 7
microcode	: 0x14
cpu MHz		: 1680.000
cache size	: 6144 KB
physical id	: 0
siblings	: 8
core id		: 3
cpu cores	: 4
apicid		: 6
initial apicid	: 6
fpu		: yes
fpu_exception	: yes
cpuid level	: 13
wp		: yes
flags		: fpu vme de pse tsc msr pae mce cx8 apic sep mtrr pge mca cmov pat pse36 clflush dts acpi mmx fxsr sse sse2 ss ht tm pbe syscall nx rdtscp lm constant_tsc arch_perfmon pebs bts rep_good nopl xtopology nonstop_tsc aperfmperf eagerfpu pni pclmulqdq dtes64 monitor ds_cpl vmx est tm2 ssse3 cx16 xtpr pdcm pcid sse4_1 sse4_2 x2apic popcnt tsc_deadline_timer xsave avx lahf_lm ida arat epb xsaveopt pln pts dtherm tpr_shadow vnmi flexpriority ept vpid
bogomips	: 3992.53
clflush size	: 64
cache_alignment	: 64
address sizes	: 36 bits physical, 48 bits virtual
power management:

processor	: 4
vendor_id	: GenuineIntel
cpu family	: 6
model		: 42
model name	: Intel(R) Core(TM) i7-2630QM CPU @ 2.00GHz
stepping	: 7
microcode	: 0x14
cpu MHz		: 1680.000
cache size	: 6144 KB
physical id	: 0
siblings	: 8
core id		: 0
cpu cores	: 4
apicid		: 1
initial apicid	: 1
fpu		: yes
fpu_exception	: yes
cpuid level	: 13
wp		: yes
flags		: fpu vme de pse tsc msr pae mce cx8 apic sep mtrr pge mca cmov pat pse36 clflush dts acpi mmx fxsr sse sse2 ss ht tm pbe syscall nx rdtscp lm constant_tsc arch_perfmon pebs bts rep_good nopl xtopology nonstop_tsc aperfmperf eagerfpu pni pclmulqdq dtes64 monitor ds_cpl vmx est tm2 ssse3 cx16 xtpr pdcm pcid sse4_1 sse4_2 x2apic popcnt tsc_deadline_timer xsave avx lahf_lm ida arat epb xsaveopt pln pts dtherm tpr_shadow vnmi flexpriority ept vpid
bogomips	: 3992.53
clflush size	: 64
cache_alignment	: 64
address sizes	: 36 bits physical, 48 bits virtual
power management:

processor	: 5
vendor_id	: GenuineIntel
cpu family	: 6
model		: 42
model name	: Intel(R) Core(TM) i7-2630QM CPU @ 2.00GHz
stepping	: 7
microcode	: 0x14
cpu MHz		: 1680.000
cache size	: 6144 KB
physical id	: 0
siblings	: 8
core id		: 1
cpu cores	: 4
apicid		: 3
initial apicid	: 3
fpu		: yes
fpu_exception	: yes
cpuid level	: 13
wp		: yes
flags		: fpu vme de pse tsc msr pae mce cx8 apic sep mtrr pge mca cmov pat pse36 clflush dts acpi mmx fxsr sse sse2 ss ht tm pbe syscall nx rdtscp lm constant_tsc arch_perfmon pebs bts rep_good nopl xtopology nonstop_tsc aperfmperf eagerfpu pni pclmulqdq dtes64 monitor ds_cpl vmx est tm2 ssse3 cx16 xtpr pdcm pcid sse4_1 sse4_2 x2apic popcnt tsc_deadline_timer xsave avx lahf_lm ida arat epb xsaveopt pln pts dtherm tpr_shadow vnmi flexpriority ept vpid
bogomips	: 3992.53
clflush size	: 64
cache_alignment	: 64
address sizes	: 36 bits physical, 48 bits virtual
power management:

processor	: 6
vendor_id	: GenuineIntel
cpu family	: 6
model		: 42
model name	: Intel(R) Core(TM) i7-2630QM CPU @ 2.00GHz
stepping	: 7
microcode	: 0x14
cpu MHz		: 1680.000
cache size	: 6144 KB
physical id	: 0
siblings	: 8
core id		: 2
cpu cores	: 4
apicid		: 5
initial apicid	: 5
fpu		: yes
fpu_exception	: yes
cpuid level	: 13
wp		: yes
flags		: fpu vme de pse tsc msr pae mce cx8 apic sep mtrr pge mca cmov pat pse36 clflush dts acpi mmx fxsr sse sse2 ss ht tm pbe syscall nx rdtscp lm constant_tsc arch_perfmon pebs bts rep_good nopl xtopology nonstop_tsc aperfmperf eagerfpu pni pclmulqdq dtes64 monitor ds_cpl vmx est tm2 ssse3 cx16 xtpr pdcm pcid sse4_1 sse4_2 x2apic popcnt tsc_deadline_timer xsave avx lahf_lm ida arat epb xsaveopt pln pts dtherm tpr_shadow vnmi flexpriority ept vpid
bogomips	: 3992.53
clflush size	: 64
cache_alignment	: 64
address sizes	: 36 bits physical, 48 bits virtual
power management:

processor	: 7
vendor_id	: GenuineIntel
cpu family	: 6
model		: 42
model name	: Intel(R) Core(TM) i7-2630QM CPU @ 2.00GHz
stepping	: 7
microcode	: 0x14
cpu MHz		: 1680.000
cache size	: 6144 KB
physical id	: 0
siblings	: 8
core id		: 3
cpu cores	: 4
apicid		: 7
initial apicid	: 7
fpu		: yes
fpu_exception	: yes
cpuid level	: 13
wp		: yes
flags		: fpu vme de pse tsc msr pae mce cx8 apic sep mtrr pge mca cmov pat pse36 clflush dts acpi mmx fxsr sse sse2 ss ht tm pbe syscall nx rdtscp lm constant_tsc arch_perfmon pebs bts rep_good nopl xtopology nonstop_tsc aperfmperf eagerfpu pni pclmulqdq dtes64 monitor ds_cpl vmx est tm2 ssse3 cx16 xtpr pdcm pcid sse4_1 sse4_2 x2apic popcnt tsc_deadline_timer xsave avx lahf_lm ida arat epb xsaveopt pln pts dtherm tpr_shadow vnmi flexpriority ept vpid
bogomips	: 3992.53
clflush size	: 64
cache_alignment	: 64
address sizes	: 36 bits physical, 48 bits virtual
power management:



Memory: 4k page, physical 6092604k(1006124k free), swap 0k(0k free)

vm_info: OpenJDK 64-Bit Server VM (24.0-b56) for linux-amd64 JRE (1.7.0_40-b60), built on Sep 23 2013 19:51:37 by "nobody" with gcc 4.8.1 20130725 (prerelease)

time: Wed Oct 23 12:26:39 2013
elapsed time: 5 seconds

